2021-10-22 10:27:55,984 : INFO : iGEM_login : Already logged in.
2021-10-22 10:27:55,986 : ERROR : cache_files : .DS_Store has an unsupported file extension. Skipping.
2021-10-22 10:27:55,986 : ERROR : cache_files : upload.py has an unsupported file extension. Skipping.
2021-10-22 10:27:55,986 : ERROR : cache_files : wikisync.log has an unsupported file extension. Skipping.
2021-10-22 10:27:55,987 : ERROR : cache_files : wikisync.cookies has an unsupported file extension. Skipping.
2021-10-22 10:27:55,987 : ERROR : cache_files : README.md has an unsupported file extension. Skipping.
2021-10-22 10:27:55,987 : ERROR : cache_files : upload_map.yml has an unsupported file extension. Skipping.
2021-10-22 10:27:55,988 : ERROR : cache_files : css/bootstrap.min.css.map has an unsupported file extension. Skipping.
2021-10-22 10:27:55,995 : ERROR : cache_files : .wikisync_temp/assets/T--CUHKSZ--image1.png is an png file outside the "assets" folder. Skipping.
2021-10-22 10:27:55,995 : ERROR : cache_files : .wikisync_temp/assets/T--CUHKSZ--image3.png is an png file outside the "assets" folder. Skipping.
2021-10-22 10:27:55,995 : ERROR : cache_files : .wikisync_temp/assets/T--CUHKSZ--image5.png is an png file outside the "assets" folder. Skipping.
2021-10-22 10:27:55,996 : ERROR : cache_files : .wikisync_temp/assets/T--CUHKSZ--image11.jpg is an jpg file outside the "assets" folder. Skipping.
2021-10-22 10:27:55,996 : ERROR : cache_files : .wikisync_temp/assets/T--CUHKSZ--image29.png is an png file outside the "assets" folder. Skipping.
2021-10-22 10:27:55,996 : ERROR : cache_files : .wikisync_temp/assets/T--CUHKSZ--image28.png is an png file outside the "assets" folder. Skipping.
2021-10-22 10:27:55,996 : ERROR : cache_files : .wikisync_temp/assets/T--CUHKSZ--video.mp4 is an mp4 file outside the "assets" folder. Skipping.
2021-10-22 10:27:55,996 : ERROR : cache_files : .wikisync_temp/assets/T--CUHKSZ--poster.png is an png file outside the "assets" folder. Skipping.
2021-10-22 10:27:55,998 : ERROR : cache_files : .git/config has an unsupported file extension. Skipping.
2021-10-22 10:27:55,998 : ERROR : cache_files : .git/HEAD has an unsupported file extension. Skipping.
2021-10-22 10:27:55,998 : ERROR : cache_files : .git/description has an unsupported file extension. Skipping.
2021-10-22 10:27:55,998 : ERROR : cache_files : .git/index has an unsupported file extension. Skipping.
2021-10-22 10:27:55,998 : ERROR : cache_files : .git/packed-refs has an unsupported file extension. Skipping.
2021-10-22 10:27:55,998 : ERROR : cache_files : .git/COMMIT_EDITMSG has an unsupported file extension. Skipping.
2021-10-22 10:27:55,998 : ERROR : cache_files : .git/FETCH_HEAD has an unsupported file extension. Skipping.
2021-10-22 10:27:55,999 : ERROR : cache_files : .git/objects/61/ab83f84f24f15bc5a200cb6d20ec2031fd205d has an unsupported file extension. Skipping.
2021-10-22 10:27:55,999 : ERROR : cache_files : .git/objects/61/4ddd4c854aa788a6de8287a9381b8cdee0eeb3 has an unsupported file extension. Skipping.
2021-10-22 10:27:55,999 : ERROR : cache_files : .git/objects/61/bef4dc558b604245db382a0f9f707d71876a74 has an unsupported file extension. Skipping.
2021-10-22 10:27:55,999 : ERROR : cache_files : .git/objects/0d/7470006cd9d82d7f00cf71520bbaa874c4a1e0 has an unsupported file extension. Skipping.
2021-10-22 10:27:55,999 : ERROR : cache_files : .git/objects/0d/3a8924a9e954c3a71abaf52d7ec8d1cd7966f7 has an unsupported file extension. Skipping.
2021-10-22 10:27:55,999 : ERROR : cache_files : .git/objects/59/4ac75e411cb66f313332a1667a2c3963514112 has an unsupported file extension. Skipping.
2021-10-22 10:27:55,999 : ERROR : cache_files : .git/objects/59/834f0485f12d8084784c9babeeb6b7a77f0c3a has an unsupported file extension. Skipping.
2021-10-22 10:27:55,999 : ERROR : cache_files : .git/objects/66/aeb14339dcdff0fa05fa92cf67ed2dc164ac27 has an unsupported file extension. Skipping.
2021-10-22 10:27:56,000 : ERROR : cache_files : .git/objects/66/66fe695cd451d141a8f2dd911af6aa52070ac2 has an unsupported file extension. Skipping.
2021-10-22 10:27:56,000 : ERROR : cache_files : .git/objects/3e/79d4a7976fafffea9444fbb9c45abdf8f1df84 has an unsupported file extension. Skipping.
2021-10-22 10:27:56,000 : ERROR : cache_files : .git/objects/3e/74c909998e96777310bb6c33530c4f2b07e446 has an unsupported file extension. Skipping.
2021-10-22 10:27:56,000 : ERROR : cache_files : .git/objects/3e/6ba18879bac435102256358d7ad0063c01dc16 has an unsupported file extension. Skipping.
2021-10-22 10:27:56,000 : ERROR : cache_files : .git/objects/3e/93de0a6dfed3d8056310900afa249cb7ce2463 has an unsupported file extension. Skipping.
2021-10-22 10:27:56,000 : ERROR : cache_files : .git/objects/3e/4392a14084238020c201f5a9a3e8199c2e6fbb has an unsupported file extension. Skipping.
2021-10-22 10:27:56,000 : ERROR : cache_files : .git/objects/50/b1b0bfdfbbad963db5d88b764ccce5f6f0d235 has an unsupported file extension. Skipping.
2021-10-22 10:27:56,000 : ERROR : cache_files : .git/objects/50/08ddfcf53c02e82d7eee2e57c38e5672ef89f6 has an unsupported file extension. Skipping.
2021-10-22 10:27:56,000 : ERROR : cache_files : .git/objects/68/2a5a8d6472f51a7e90c5ce906ff97a9d5da8e8 has an unsupported file extension. Skipping.
2021-10-22 10:27:56,001 : ERROR : cache_files : .git/objects/68/868f4ed75e381ec3aec0b5eed6d8658d55ced7 has an unsupported file extension. Skipping.
2021-10-22 10:27:56,001 : ERROR : cache_files : .git/objects/68/95bdff42882ebf6cd7735b0f88b8b50b985493 has an unsupported file extension. Skipping.
2021-10-22 10:27:56,001 : ERROR : cache_files : .git/objects/57/dfb400add955d3c36d82c0dd82b249730db73b has an unsupported file extension. Skipping.
2021-10-22 10:27:56,001 : ERROR : cache_files : .git/objects/3b/94133c08ae147d39a465841e2c78170b28d793 has an unsupported file extension. Skipping.
2021-10-22 10:27:56,001 : ERROR : cache_files : .git/objects/3b/629d2fdaa57b852110ba656fb5c68bdbf65433 has an unsupported file extension. Skipping.
2021-10-22 10:27:56,001 : ERROR : cache_files : .git/objects/6f/66d2e6c9e65d9b736ed8db6ed9e2148dac3430 has an unsupported file extension. Skipping.
2021-10-22 10:27:56,001 : ERROR : cache_files : .git/objects/6f/3a2913e199cebe9ace75cf7e5a2818da27fbd3 has an unsupported file extension. Skipping.
2021-10-22 10:27:56,001 : ERROR : cache_files : .git/objects/9b/cd2fccaed9442f1460191d6670ca5e8e08520c has an unsupported file extension. Skipping.
2021-10-22 10:27:56,001 : ERROR : cache_files : .git/objects/9b/6417e71d6113a93b3ac9cb236f4769b7a2cca1 has an unsupported file extension. Skipping.
2021-10-22 10:27:56,002 : ERROR : cache_files : .git/objects/9e/a48c38bed20035279fa53c7c2e7fa2a5c252f2 has an unsupported file extension. Skipping.
2021-10-22 10:27:56,002 : ERROR : cache_files : .git/objects/9e/924b11180539796462061244e71dba3c9e0e04 has an unsupported file extension. Skipping.
2021-10-22 10:27:56,002 : ERROR : cache_files : .git/objects/9e/1d9a5c87e6e5945d77ff8ef1901bb312635a98 has an unsupported file extension. Skipping.
2021-10-22 10:27:56,003 : ERROR : cache_files : .git/objects/32/ca10f3d7b86de9d263ca9eb302b3abfd074f00 has an unsupported file extension. Skipping.
2021-10-22 10:27:56,003 : ERROR : cache_files : .git/objects/35/54889b3d81e4622adf4bd4a45b2dea4a8016f7 has an unsupported file extension. Skipping.
2021-10-22 10:27:56,003 : ERROR : cache_files : .git/objects/56/738718a9be31d01f755f72c575855aa3ed6ffd has an unsupported file extension. Skipping.
2021-10-22 10:27:56,004 : ERROR : cache_files : .git/objects/58/d243e2534b374a89264657f3e27c9c96a33dbe has an unsupported file extension. Skipping.
2021-10-22 10:27:56,004 : ERROR : cache_files : .git/objects/67/b1aa532ab2edca7d22b1197b95b078f5bbc9f4 has an unsupported file extension. Skipping.
2021-10-22 10:27:56,005 : ERROR : cache_files : .git/objects/93/cb070f0b778bd22563f5888b480ea662067831 has an unsupported file extension. Skipping.
2021-10-22 10:27:56,005 : ERROR : cache_files : .git/objects/0e/162280e195ed45f565d2af707054d9ae27a590 has an unsupported file extension. Skipping.
2021-10-22 10:27:56,005 : ERROR : cache_files : .git/objects/0e/89f243cddb5d32b41b94b3ba459e3f2e26f0f5 has an unsupported file extension. Skipping.
2021-10-22 10:27:56,005 : ERROR : cache_files : .git/objects/60/abf8956157bbba768216b7fbd37785ac479f7c has an unsupported file extension. Skipping.
2021-10-22 10:27:56,005 : ERROR : cache_files : .git/objects/60/3a2fc46f2ca9a44c2a0f54b8aa3b9a4b7e9e2b has an unsupported file extension. Skipping.
2021-10-22 10:27:56,005 : ERROR : cache_files : .git/objects/34/dbae9273ff30857f1bf3d2079fb879d58a18b6 has an unsupported file extension. Skipping.
2021-10-22 10:27:56,005 : ERROR : cache_files : .git/objects/34/4f61a90417de8319ca17073a3158562dcf2fe8 has an unsupported file extension. Skipping.
2021-10-22 10:27:56,005 : ERROR : cache_files : .git/objects/34/c568930755af26bb2406e1548aad3010cc372d has an unsupported file extension. Skipping.
2021-10-22 10:27:56,006 : ERROR : cache_files : .git/objects/5a/c530e518b8850b635644b18449f77b1969c2b5 has an unsupported file extension. Skipping.
2021-10-22 10:27:56,006 : ERROR : cache_files : .git/objects/5a/3b265999d73b3d7cef5ad595d19b0f55df48c5 has an unsupported file extension. Skipping.
2021-10-22 10:27:56,006 : ERROR : cache_files : .git/objects/02/36485ee3bc01d0da34e669d25df90f5b4cbc31 has an unsupported file extension. Skipping.
2021-10-22 10:27:56,006 : ERROR : cache_files : .git/objects/a4/a3d2c7fc321e3da5c14eedf24207e6170dce60 has an unsupported file extension. Skipping.
2021-10-22 10:27:56,006 : ERROR : cache_files : .git/objects/a4/eba24ca9a6ca6b24b60fee7d5ab775329bd77f has an unsupported file extension. Skipping.
2021-10-22 10:27:56,006 : ERROR : cache_files : .git/objects/a4/980868b7494ddc7d147c4c2309afc1d9b60d2b has an unsupported file extension. Skipping.
2021-10-22 10:27:56,007 : ERROR : cache_files : .git/objects/b5/c39458d09e0d5ffd23ee1ac8954cd218e7a9db has an unsupported file extension. Skipping.
2021-10-22 10:27:56,007 : ERROR : cache_files : .git/objects/b5/dacf90c01700bd7abda0b51cfd98fd1ed4db12 has an unsupported file extension. Skipping.
2021-10-22 10:27:56,007 : ERROR : cache_files : .git/objects/b5/8bd5bcd8e2db96887b8aa20fabf9851c6fcbb8 has an unsupported file extension. Skipping.
2021-10-22 10:27:56,007 : ERROR : cache_files : .git/objects/d9/d79e0dffb5319df93e35a9cbe9b71ca8550fa6 has an unsupported file extension. Skipping.
2021-10-22 10:27:56,007 : ERROR : cache_files : .git/objects/ad/e33445f13855a245c79c40fb0f11674023bb99 has an unsupported file extension. Skipping.
2021-10-22 10:27:56,007 : ERROR : cache_files : .git/objects/ad/008b5e6ac6adedc4dda904921c0f7999d83dd4 has an unsupported file extension. Skipping.
2021-10-22 10:27:56,007 : ERROR : cache_files : .git/objects/bb/3211af8c1098ae19b5937e8adaf1ae69f919bc has an unsupported file extension. Skipping.
2021-10-22 10:27:56,008 : ERROR : cache_files : .git/objects/d7/237e006068cac46ecea45e22c3403e80739bad has an unsupported file extension. Skipping.
2021-10-22 10:27:56,008 : ERROR : cache_files : .git/objects/d0/8243bd821eaf17cee0fb4775315c75f9a04d8c has an unsupported file extension. Skipping.
2021-10-22 10:27:56,008 : ERROR : cache_files : .git/objects/be/52eaf2f4d179140e3a2aaa69f964bafdd4c4ec has an unsupported file extension. Skipping.
2021-10-22 10:27:56,008 : ERROR : cache_files : .git/objects/b3/22252c0cedfa9f9b4de7d86c4c91b93c35f97f has an unsupported file extension. Skipping.
2021-10-22 10:27:56,008 : ERROR : cache_files : .git/objects/df/bc23001c7563edbd1d9771b96956facd537e16 has an unsupported file extension. Skipping.
2021-10-22 10:27:56,008 : ERROR : cache_files : .git/objects/df/179516b01ddf0723e53ca6a7ac7852022317fd has an unsupported file extension. Skipping.
2021-10-22 10:27:56,009 : ERROR : cache_files : .git/objects/df/0a21cf5c943a4c99d475249fc421d09f7c945a has an unsupported file extension. Skipping.
2021-10-22 10:27:56,009 : ERROR : cache_files : .git/objects/b4/d223b5a63e64bb95a871a3b1e133ba49e6946b has an unsupported file extension. Skipping.
2021-10-22 10:27:56,009 : ERROR : cache_files : .git/objects/a2/2bc9b17e494df7e665fac904334e68a91d6a28 has an unsupported file extension. Skipping.
2021-10-22 10:27:56,009 : ERROR : cache_files : .git/objects/a2/fc66422578b4d243965a1817ca1181f297dffd has an unsupported file extension. Skipping.
2021-10-22 10:27:56,010 : ERROR : cache_files : .git/objects/d1/b4c39e599e65032c959ca88831b111b54f514f has an unsupported file extension. Skipping.
2021-10-22 10:27:56,010 : ERROR : cache_files : .git/objects/d1/9f2bbd53f868c495d45789166a52796fe7560b has an unsupported file extension. Skipping.
2021-10-22 10:27:56,010 : ERROR : cache_files : .git/objects/d6/59c76d1ff602e328a5ebf29df1d638360e68a8 has an unsupported file extension. Skipping.
2021-10-22 10:27:56,010 : ERROR : cache_files : .git/objects/d6/e01eb47966e1cc0d192c87ac31ad773107c604 has an unsupported file extension. Skipping.
2021-10-22 10:27:56,010 : ERROR : cache_files : .git/objects/d6/85ade24ccf1d075dc779621a6b3c98e3be17ed has an unsupported file extension. Skipping.
2021-10-22 10:27:56,010 : ERROR : cache_files : .git/objects/ae/a1cf9f9a9e3d6fb83f31e5dce22cbf3c064254 has an unsupported file extension. Skipping.
2021-10-22 10:27:56,010 : ERROR : cache_files : .git/objects/ae/011e2fce08b626d6f04036a3e7944e992151f3 has an unsupported file extension. Skipping.
2021-10-22 10:27:56,010 : ERROR : cache_files : .git/objects/d8/0e2afc9a2a277ce27b5e5afc4493d13aecf9a4 has an unsupported file extension. Skipping.
2021-10-22 10:27:56,011 : ERROR : cache_files : .git/objects/d8/3c1f66e6b100756da6f5a6650028a2515ce207 has an unsupported file extension. Skipping.
2021-10-22 10:27:56,011 : ERROR : cache_files : .git/objects/ab/60276768e7c76208b4bd983172fd50feeecd2c has an unsupported file extension. Skipping.
2021-10-22 10:27:56,011 : ERROR : cache_files : .git/objects/e5/b493cc378bd9d1a863139ecf84621d7ce6af1b has an unsupported file extension. Skipping.
2021-10-22 10:27:56,011 : ERROR : cache_files : .git/objects/e2/36440dcfe22c312c03e7bb404e242961e0848e has an unsupported file extension. Skipping.
2021-10-22 10:27:56,011 : ERROR : cache_files : .git/objects/f3/f32477c7d0d335f849d3801e787e12343ea8ae has an unsupported file extension. Skipping.
2021-10-22 10:27:56,012 : ERROR : cache_files : .git/objects/f3/0dddbdd224110a3193a47e92a7bddd784add80 has an unsupported file extension. Skipping.
2021-10-22 10:27:56,012 : ERROR : cache_files : .git/objects/eb/d2887d6fcca198a2a6797cfaba5b73ebaa45b5 has an unsupported file extension. Skipping.
2021-10-22 10:27:56,012 : ERROR : cache_files : .git/objects/ee/9138fb9244d6343251f5af3f3b74492475e136 has an unsupported file extension. Skipping.
2021-10-22 10:27:56,012 : ERROR : cache_files : .git/objects/c9/c183f797e6a42d9c619aa86fed50832d087d73 has an unsupported file extension. Skipping.
2021-10-22 10:27:56,012 : ERROR : cache_files : .git/objects/c9/653404f2c170eb1b443fef96edf246df803e45 has an unsupported file extension. Skipping.
2021-10-22 10:27:56,012 : ERROR : cache_files : .git/objects/fd/2a63c866b62caf8391fe31a7ac4ad3d6d848b5 has an unsupported file extension. Skipping.
2021-10-22 10:27:56,013 : ERROR : cache_files : .git/objects/f2/1ef56f822abf26dc374ad93de6854412d64dc6 has an unsupported file extension. Skipping.
2021-10-22 10:27:56,013 : ERROR : cache_files : .git/objects/f2/810f653ff9fdfa8da7a4b7dd5c90ea7dd60c08 has an unsupported file extension. Skipping.
2021-10-22 10:27:56,013 : ERROR : cache_files : .git/objects/f5/c2802b1f47074ddb637a5e7b729f422c6a9171 has an unsupported file extension. Skipping.
2021-10-22 10:27:56,013 : ERROR : cache_files : .git/objects/f5/4102cc633d3dd2f6100d80b05d86b1e520cb23 has an unsupported file extension. Skipping.
2021-10-22 10:27:56,013 : ERROR : cache_files : .git/objects/cf/24457da5530ee00dfec76f1afd7dd5d0c97fc8 has an unsupported file extension. Skipping.
2021-10-22 10:27:56,013 : ERROR : cache_files : .git/objects/cf/c604bf25d9b16775f2c2e43a6f6299265ea859 has an unsupported file extension. Skipping.
2021-10-22 10:27:56,013 : ERROR : cache_files : .git/objects/cf/c3dbd9dbc1d05274d0fc02c31c993be25f2211 has an unsupported file extension. Skipping.
2021-10-22 10:27:56,013 : ERROR : cache_files : .git/objects/ca/990734b98d10c71f81fcc2216fd3126302ce72 has an unsupported file extension. Skipping.
2021-10-22 10:27:56,013 : ERROR : cache_files : .git/objects/ca/01c3f423c4a37080c472d4a0618174a9775889 has an unsupported file extension. Skipping.
2021-10-22 10:27:56,014 : ERROR : cache_files : .git/objects/e4/30cf99bff43ec58a4c87294da842e5efcbe75d has an unsupported file extension. Skipping.
2021-10-22 10:27:56,014 : ERROR : cache_files : .git/objects/fe/a14d26e4fd5dee54557918cb307131deb09ad0 has an unsupported file extension. Skipping.
2021-10-22 10:27:56,014 : ERROR : cache_files : .git/objects/fe/3a83e8214d30d4047356f5735006c24844c72c has an unsupported file extension. Skipping.
2021-10-22 10:27:56,014 : ERROR : cache_files : .git/objects/c8/deac508454be48cc0414e16a6de91e3301c699 has an unsupported file extension. Skipping.
2021-10-22 10:27:56,014 : ERROR : cache_files : .git/objects/fb/839cb86e4aca59c18fda73e8cc49089a0ae512 has an unsupported file extension. Skipping.
2021-10-22 10:27:56,014 : ERROR : cache_files : .git/objects/fb/5d4eeb38df6bdcc098c51e3f3cfbdaca115197 has an unsupported file extension. Skipping.
2021-10-22 10:27:56,015 : ERROR : cache_files : .git/objects/fb/593f1b48b2aabef5a184695397c822441329df has an unsupported file extension. Skipping.
2021-10-22 10:27:56,015 : ERROR : cache_files : .git/objects/fb/a8e2ab0cc027dd8ce77e783cad77ca9c657d81 has an unsupported file extension. Skipping.
2021-10-22 10:27:56,015 : ERROR : cache_files : .git/objects/fb/c4f9ae365f26c184655d4f44d67d1c950ce695 has an unsupported file extension. Skipping.
2021-10-22 10:27:56,015 : ERROR : cache_files : .git/objects/ed/e5d2b2321e157405d339f9360e959a91a14a50 has an unsupported file extension. Skipping.
2021-10-22 10:27:56,015 : ERROR : cache_files : .git/objects/c1/940d467e317baed6ee5cc8f5fc988a1230ad79 has an unsupported file extension. Skipping.
2021-10-22 10:27:56,015 : ERROR : cache_files : .git/objects/ec/bc761ef8cbce6bed98c0d4abb01f6dac5c471e has an unsupported file extension. Skipping.
2021-10-22 10:27:56,015 : ERROR : cache_files : .git/objects/ec/8945262ca2da57e3070603c0764088f7c657a2 has an unsupported file extension. Skipping.
2021-10-22 10:27:56,015 : ERROR : cache_files : .git/objects/ec/e9abd6dda482db517893b03a8c6a6eaef231d0 has an unsupported file extension. Skipping.
2021-10-22 10:27:56,015 : ERROR : cache_files : .git/objects/4e/b5ddfddd7c769cddd5c243efa0c5eea9a7aef4 has an unsupported file extension. Skipping.
2021-10-22 10:27:56,015 : ERROR : cache_files : .git/objects/4e/2ee2552c826092242e0b40ce782b4377226913 has an unsupported file extension. Skipping.
2021-10-22 10:27:56,015 : ERROR : cache_files : .git/objects/4e/a9c20e286631e6e4a6c6c8d27c9f9082a0a70f has an unsupported file extension. Skipping.
2021-10-22 10:27:56,016 : ERROR : cache_files : .git/objects/4e/4cbb2c60f8986d600b9e48e9d2b6d036dad16b has an unsupported file extension. Skipping.
2021-10-22 10:27:56,016 : ERROR : cache_files : .git/objects/20/a32fd240e7a711eb6d7067709d11827f20f7f8 has an unsupported file extension. Skipping.
2021-10-22 10:27:56,016 : ERROR : cache_files : .git/objects/20/c4cc8be5baade8f6b828285ede388d151d4b7c has an unsupported file extension. Skipping.
2021-10-22 10:27:56,016 : ERROR : cache_files : .git/objects/18/d789f2885022db259ac145bbc88e289e5b066d has an unsupported file extension. Skipping.
2021-10-22 10:27:56,016 : ERROR : cache_files : .git/objects/18/fba9603f8910e1cf21861db3c2a77525076736 has an unsupported file extension. Skipping.
2021-10-22 10:27:56,016 : ERROR : cache_files : .git/objects/27/5374b9cd633fe2b4b19592efd4efe03ba13a32 has an unsupported file extension. Skipping.
2021-10-22 10:27:56,016 : ERROR : cache_files : .git/objects/4b/003256919c81af00e1fce495727af4be3fbf17 has an unsupported file extension. Skipping.
2021-10-22 10:27:56,016 : ERROR : cache_files : .git/objects/4b/c15f5ee8679cf8ed912fa4f8d842f6b6553458 has an unsupported file extension. Skipping.
2021-10-22 10:27:56,016 : ERROR : cache_files : .git/objects/4b/6ed9fff33ec575655c1cc932f0917adddc5dbe has an unsupported file extension. Skipping.
2021-10-22 10:27:56,017 : ERROR : cache_files : .git/objects/11/aaa78bf1315694e6e177e102d70142d186691c has an unsupported file extension. Skipping.
2021-10-22 10:27:56,017 : ERROR : cache_files : .git/objects/7d/020a1ed3dcfa84cdf9f7a0e0b89718378cd618 has an unsupported file extension. Skipping.
2021-10-22 10:27:56,017 : ERROR : cache_files : .git/objects/7d/2dcde37c2d0e1cb83479bbedd1402fae164e47 has an unsupported file extension. Skipping.
2021-10-22 10:27:56,017 : ERROR : cache_files : .git/objects/42/1db6bb96e4a4a5abfc2434f217591a1965b2ee has an unsupported file extension. Skipping.
2021-10-22 10:27:56,017 : ERROR : cache_files : .git/objects/89/b76a1262ea44004f038d368bb27f3663a8ae2e has an unsupported file extension. Skipping.
2021-10-22 10:27:56,017 : ERROR : cache_files : .git/objects/89/ad41031c1503b5e68745ac18d7d0b4e6de2d16 has an unsupported file extension. Skipping.
2021-10-22 10:27:56,017 : ERROR : cache_files : .git/objects/45/76a8c1d4467a0683a9af35f2d3f40e1046ceeb has an unsupported file extension. Skipping.
2021-10-22 10:27:56,017 : ERROR : cache_files : .git/objects/73/e6e92c6b4ad4f97c9e8c2046e9fcd11a3a6aa3 has an unsupported file extension. Skipping.
2021-10-22 10:27:56,017 : ERROR : cache_files : .git/objects/73/038dc68c5e733287e28967417aa881d4086517 has an unsupported file extension. Skipping.
2021-10-22 10:27:56,018 : ERROR : cache_files : .git/objects/73/7ba26effe9ceceac2455eaf0afcac69ecd65b9 has an unsupported file extension. Skipping.
2021-10-22 10:27:56,018 : ERROR : cache_files : .git/objects/87/b3d759cd65dd9f10af7f8746fef0b6cac6ab1d has an unsupported file extension. Skipping.
2021-10-22 10:27:56,018 : ERROR : cache_files : .git/objects/80/97679e925077902a4fa7708d4903daeef98bbb has an unsupported file extension. Skipping.
2021-10-22 10:27:56,018 : ERROR : cache_files : .git/objects/80/8bc60795862210d960719343be15670659cdee has an unsupported file extension. Skipping.
2021-10-22 10:27:56,018 : ERROR : cache_files : .git/objects/80/ac4cbee296ea2b39fcb552332894af0e5cdee6 has an unsupported file extension. Skipping.
2021-10-22 10:27:56,018 : ERROR : cache_files : .git/objects/80/f0c21d23b17f302cdc71fd20eae822dc67a4bd has an unsupported file extension. Skipping.
2021-10-22 10:27:56,018 : ERROR : cache_files : .git/objects/1a/ba3e21259d0c64ab6278e4f033f1356df239de has an unsupported file extension. Skipping.
2021-10-22 10:27:56,018 : ERROR : cache_files : .git/objects/1a/af7629b764e5883ac2ff1f49a436526244da3b has an unsupported file extension. Skipping.
2021-10-22 10:27:56,018 : ERROR : cache_files : .git/objects/28/8766aea71150dbc22fbb3cbfe2c71e5a5d0892 has an unsupported file extension. Skipping.
2021-10-22 10:27:56,018 : ERROR : cache_files : .git/objects/28/8f264db589fb2bea4d46c0267c8fcee9792cdc has an unsupported file extension. Skipping.
2021-10-22 10:27:56,019 : ERROR : cache_files : .git/objects/28/54359ea2e737be7fd9977a5cbb8e68ce4c523f has an unsupported file extension. Skipping.
2021-10-22 10:27:56,019 : ERROR : cache_files : .git/objects/28/66b9562e69f4d5aa474ec50cb567e597f9b0ed has an unsupported file extension. Skipping.
2021-10-22 10:27:56,019 : ERROR : cache_files : .git/objects/17/49a06578f1114436e2f2a41323d7c1a57be3f7 has an unsupported file extension. Skipping.
2021-10-22 10:27:56,019 : ERROR : cache_files : .git/objects/17/a986a473d42c34b970c3ef232538dc07e2feb0 has an unsupported file extension. Skipping.
2021-10-22 10:27:56,019 : ERROR : cache_files : .git/objects/8f/978e437bfd9ec2f74a764ec164837f8b386589 has an unsupported file extension. Skipping.
2021-10-22 10:27:56,019 : ERROR : cache_files : .git/objects/8f/45c2864615ca9f02b4f1501453096c2fda828e has an unsupported file extension. Skipping.
2021-10-22 10:27:56,019 : ERROR : cache_files : .git/objects/8a/fd6bcdd250adfcb1f74be08da2479b7f3f8aeb has an unsupported file extension. Skipping.
2021-10-22 10:27:56,019 : ERROR : cache_files : .git/objects/10/2f6988961ecf4ecf92592e32b66a58af7125e4 has an unsupported file extension. Skipping.
2021-10-22 10:27:56,019 : ERROR : cache_files : .git/objects/10/f7cdcd95e539a1b2aa635ccbe9c3e892c43bf5 has an unsupported file extension. Skipping.
2021-10-22 10:27:56,019 : ERROR : cache_files : .git/objects/10/250b8ea790a07a1645cf9d335ee0f2a9f201af has an unsupported file extension. Skipping.
2021-10-22 10:27:56,020 : ERROR : cache_files : .git/objects/10/0c5a10f3520b5e391aa143f6f4f11ce9ffb68a has an unsupported file extension. Skipping.
2021-10-22 10:27:56,020 : ERROR : cache_files : .git/objects/19/12f3b874c5a9a60a8d400d4e28b3ee95d6c1f7 has an unsupported file extension. Skipping.
2021-10-22 10:27:56,020 : ERROR : cache_files : .git/objects/4c/7a821d1b0fb00a86a7a9d921daa181eaae9259 has an unsupported file extension. Skipping.
2021-10-22 10:27:56,020 : ERROR : cache_files : .git/objects/4c/fab7c24f627fd0080cbbf387d3c16572bcc06a has an unsupported file extension. Skipping.
2021-10-22 10:27:56,020 : ERROR : cache_files : .git/objects/26/475b77885a6bd9f1242958fac3fe73e8aa9cf4 has an unsupported file extension. Skipping.
2021-10-22 10:27:56,020 : ERROR : cache_files : .git/objects/26/f8fb5a8a3c81ec9640adf47e89e91296f0737b has an unsupported file extension. Skipping.
2021-10-22 10:27:56,020 : ERROR : cache_files : .git/objects/21/f85ce42d02c7355a8a2ad322dbf86d1ea4abd9 has an unsupported file extension. Skipping.
2021-10-22 10:27:56,020 : ERROR : cache_files : .git/objects/21/c2dd306306138b06705fd6a1d6583ace61bb8c has an unsupported file extension. Skipping.
2021-10-22 10:27:56,020 : ERROR : cache_files : .git/objects/4d/0eea23674a5aaf0594678cb885ee6cbb8bb9b5 has an unsupported file extension. Skipping.
2021-10-22 10:27:56,020 : ERROR : cache_files : .git/objects/4d/b801db725e756714651c759e1916145d95b766 has an unsupported file extension. Skipping.
2021-10-22 10:27:56,021 : ERROR : cache_files : .git/objects/75/1edf85943178a6b5e1aa56960b958e6ec7a642 has an unsupported file extension. Skipping.
2021-10-22 10:27:56,021 : ERROR : cache_files : .git/objects/75/2c0f79919663b14318823dcd10f55630c5dd6f has an unsupported file extension. Skipping.
2021-10-22 10:27:56,021 : ERROR : cache_files : .git/objects/81/25e383c9870fdacdf89afe58e212b5c6bbc4cc has an unsupported file extension. Skipping.
2021-10-22 10:27:56,021 : ERROR : cache_files : .git/objects/72/70526b4f2b7c76a4783cdbfcc8108c070cd640 has an unsupported file extension. Skipping.
2021-10-22 10:27:56,021 : ERROR : cache_files : .git/objects/2a/05512698c686d42e010ac9988efa86d10cdd22 has an unsupported file extension. Skipping.
2021-10-22 10:27:56,021 : ERROR : cache_files : .git/objects/2f/a3610d6961b061ebdf54409b52ab2befae643f has an unsupported file extension. Skipping.
2021-10-22 10:27:56,021 : ERROR : cache_files : .git/objects/2f/f661ed5bba911ae01e17b0db913e2fa1fa319a has an unsupported file extension. Skipping.
2021-10-22 10:27:56,021 : ERROR : cache_files : .git/objects/88/cbde10ce17c1aee464cd98a8c9f7a7e2121ff7 has an unsupported file extension. Skipping.
2021-10-22 10:27:56,022 : ERROR : cache_files : .git/objects/9f/9f284628ef7ff0a3138227596bff6cca92d699 has an unsupported file extension. Skipping.
2021-10-22 10:27:56,022 : ERROR : cache_files : .git/objects/07/cdf866dfb2328eca771126ee3f45988285afb8 has an unsupported file extension. Skipping.
2021-10-22 10:27:56,022 : ERROR : cache_files : .git/objects/38/be0508d13ae755c8d0ddf666bfff809253832c has an unsupported file extension. Skipping.
2021-10-22 10:27:56,022 : ERROR : cache_files : .git/objects/38/465e5ae301b3ddefabfe22b188c4fee52182c0 has an unsupported file extension. Skipping.
2021-10-22 10:27:56,022 : ERROR : cache_files : .git/objects/38/601b04d70bdd6701a845716de512509acf39cb has an unsupported file extension. Skipping.
2021-10-22 10:27:56,022 : ERROR : cache_files : .git/objects/38/203cee1b16bc4acbd344ef89e9638a7c1a985d has an unsupported file extension. Skipping.
2021-10-22 10:27:56,022 : ERROR : cache_files : .git/objects/00/85843379df705574e8a82fbb0a2ae0e380ff24 has an unsupported file extension. Skipping.
2021-10-22 10:27:56,022 : ERROR : cache_files : .git/objects/00/1919d84604aa128f619a70c4fa9e3335b17555 has an unsupported file extension. Skipping.
2021-10-22 10:27:56,022 : ERROR : cache_files : .git/objects/00/ff1b08aa4e5a7957e21aaf17f4312084c6cde7 has an unsupported file extension. Skipping.
2021-10-22 10:27:56,022 : ERROR : cache_files : .git/objects/6e/100eb431bca5844872f424b1cb75fc793bbdec has an unsupported file extension. Skipping.
2021-10-22 10:27:56,023 : ERROR : cache_files : .git/objects/6e/88d1c14df1403e66e1e5572373deb5e662eb0d has an unsupported file extension. Skipping.
2021-10-22 10:27:56,023 : ERROR : cache_files : .git/objects/6e/2470ff2d59cc51705ae9ed955bba1ce6c2832d has an unsupported file extension. Skipping.
2021-10-22 10:27:56,023 : ERROR : cache_files : .git/objects/6e/812ccac29f412b5fa5505f31aaa4022dd2a34d has an unsupported file extension. Skipping.
2021-10-22 10:27:56,023 : ERROR : cache_files : .git/objects/9a/c5be294b1727a962333a6aec9a64d4e4a7a32f has an unsupported file extension. Skipping.
2021-10-22 10:27:56,023 : ERROR : cache_files : .git/objects/9a/28f83d578012a24c9d309759186b85ea6a9317 has an unsupported file extension. Skipping.
2021-10-22 10:27:56,023 : ERROR : cache_files : .git/objects/9a/8076a223b23fb8cb1db223558ef1f2c5819dfd has an unsupported file extension. Skipping.
2021-10-22 10:27:56,023 : ERROR : cache_files : .git/objects/36/169b5455ad7aa91ca7ab61441e144cc90b8833 has an unsupported file extension. Skipping.
2021-10-22 10:27:56,023 : ERROR : cache_files : .git/objects/36/3de00e951cbf8511d07734a3a9217174f21205 has an unsupported file extension. Skipping.
2021-10-22 10:27:56,024 : ERROR : cache_files : .git/objects/36/dd5c1bf401bf8f8f484d1ec29801b0393dbfc7 has an unsupported file extension. Skipping.
2021-10-22 10:27:56,024 : ERROR : cache_files : .git/objects/36/90754b38ed314d58c7617d3faf002d109b4274 has an unsupported file extension. Skipping.
2021-10-22 10:27:56,024 : ERROR : cache_files : .git/objects/36/a7de36cc8eaf102da5b60290d3cce885268fe2 has an unsupported file extension. Skipping.
2021-10-22 10:27:56,024 : ERROR : cache_files : .git/objects/5c/1d431425cf65203197364f3b4d588c1e521dad has an unsupported file extension. Skipping.
2021-10-22 10:27:56,024 : ERROR : cache_files : .git/objects/5d/19346412f8beb4f874c7a374b7d00041ad2ea7 has an unsupported file extension. Skipping.
2021-10-22 10:27:56,024 : ERROR : cache_files : .git/objects/5d/17c3d33516bc26ae8a28de80b25ecbcb4f3e5a has an unsupported file extension. Skipping.
2021-10-22 10:27:56,024 : ERROR : cache_files : .git/objects/31/dcb2a7a202d42eda6d1146c062cd6b44380cfe has an unsupported file extension. Skipping.
2021-10-22 10:27:56,024 : ERROR : cache_files : .git/objects/65/6e9a028a2cda2f16b4ae4a37e79b80466eb686 has an unsupported file extension. Skipping.
2021-10-22 10:27:56,025 : ERROR : cache_files : .git/objects/62/33f94ea678729295bfda3d7fc7246196404cee has an unsupported file extension. Skipping.
2021-10-22 10:27:56,025 : ERROR : cache_files : .git/objects/62/953d8b47809523a40442762c0f097eeb756ffe has an unsupported file extension. Skipping.
2021-10-22 10:27:56,025 : ERROR : cache_files : .git/objects/96/826de784e0fdbbd4b7a2593e86586c88b8fd94 has an unsupported file extension. Skipping.
2021-10-22 10:27:56,025 : ERROR : cache_files : .git/objects/96/4d500f6a8c8df6613bd8a0a0ae9dc6d097541d has an unsupported file extension. Skipping.
2021-10-22 10:27:56,025 : ERROR : cache_files : .git/objects/3a/c73233fa92e0283d0c636b207174e3cd4dc190 has an unsupported file extension. Skipping.
2021-10-22 10:27:56,025 : ERROR : cache_files : .git/objects/3a/7811b9031a2d116b71b61da2033b1a476a0478 has an unsupported file extension. Skipping.
2021-10-22 10:27:56,025 : ERROR : cache_files : .git/objects/54/b493e0aa3a195fd6d6dbc064eb86f13193ca80 has an unsupported file extension. Skipping.
2021-10-22 10:27:56,025 : ERROR : cache_files : .git/objects/98/1135305e39476d85dd47978a16e6f0e1650321 has an unsupported file extension. Skipping.
2021-10-22 10:27:56,025 : ERROR : cache_files : .git/objects/98/e2f10517e8541edfa8b9f4c3c8c9cf1c1d3f17 has an unsupported file extension. Skipping.
2021-10-22 10:27:56,025 : ERROR : cache_files : .git/objects/98/59dc55a6b368896360e1438a7e6e3c01cbeb07 has an unsupported file extension. Skipping.
2021-10-22 10:27:56,026 : ERROR : cache_files : .git/objects/98/dca47346b2e1f9cd5ae494f46f268bd4b47939 has an unsupported file extension. Skipping.
2021-10-22 10:27:56,026 : ERROR : cache_files : .git/objects/53/dabfeec5640ba8ba1488e0ed9f59756a21a85a has an unsupported file extension. Skipping.
2021-10-22 10:27:56,026 : ERROR : cache_files : .git/objects/30/40259415b4472f4f84005b516ca8a597b829b3 has an unsupported file extension. Skipping.
2021-10-22 10:27:56,026 : ERROR : cache_files : .git/objects/5b/a8a312217c78976a2526d441fa2f1fe7df7c24 has an unsupported file extension. Skipping.
2021-10-22 10:27:56,026 : ERROR : cache_files : .git/objects/5b/323a418a2664db336859dd435afe5b244361a3 has an unsupported file extension. Skipping.
2021-10-22 10:27:56,026 : ERROR : cache_files : .git/objects/5b/ba49a127c2d515543d6674ec516467a1223b49 has an unsupported file extension. Skipping.
2021-10-22 10:27:56,026 : ERROR : cache_files : .git/objects/5b/cee42d9404e4dfb8534a7388929f091d25dc16 has an unsupported file extension. Skipping.
2021-10-22 10:27:56,026 : ERROR : cache_files : .git/objects/37/907333d1504d86f352e2c7da7523fa576994b1 has an unsupported file extension. Skipping.
2021-10-22 10:27:56,026 : ERROR : cache_files : .git/objects/08/6c4a712335c4eded3332f881081fc86c66ec1c has an unsupported file extension. Skipping.
2021-10-22 10:27:56,027 : ERROR : cache_files : .git/objects/08/c2f6f8e1b66810fb92c57a396673c28960d278 has an unsupported file extension. Skipping.
2021-10-22 10:27:56,027 : ERROR : cache_files : .git/objects/08/e09a51b1ec828aaecc58cc84cb024b30758d79 has an unsupported file extension. Skipping.
2021-10-22 10:27:56,027 : ERROR : cache_files : .git/objects/01/fb10fe0fc23d216af9b3530d1863a5fd0e9cc0 has an unsupported file extension. Skipping.
2021-10-22 10:27:56,027 : ERROR : cache_files : .git/objects/06/2114099eaaf6f41b94f7c246fdfe4a5a8ef824 has an unsupported file extension. Skipping.
2021-10-22 10:27:56,027 : ERROR : cache_files : .git/objects/06/ef56fcd7ffcade211f0ed607295a5e65a323be has an unsupported file extension. Skipping.
2021-10-22 10:27:56,027 : ERROR : cache_files : .git/objects/39/80ca563a7e02134331f90a16d82938a684d92a has an unsupported file extension. Skipping.
2021-10-22 10:27:56,027 : ERROR : cache_files : .git/objects/99/2ed8d878cfdfe70ac7fe972bf5d43f1c1e1fc1 has an unsupported file extension. Skipping.
2021-10-22 10:27:56,027 : ERROR : cache_files : .git/objects/52/74b20f9c59bc085271002dff3e1ad654aa536c has an unsupported file extension. Skipping.
2021-10-22 10:27:56,027 : ERROR : cache_files : .git/objects/52/382fceef6ccabcafe516557c5f909b37e938f0 has an unsupported file extension. Skipping.
2021-10-22 10:27:56,028 : ERROR : cache_files : .git/objects/52/ee62a58488b4c12f35e4a13386140e826f1bf7 has an unsupported file extension. Skipping.
2021-10-22 10:27:56,028 : ERROR : cache_files : .git/objects/52/1b2197c24abb41796795b3a600d52451d34d35 has an unsupported file extension. Skipping.
2021-10-22 10:27:56,028 : ERROR : cache_files : .git/objects/55/fc7d09d6697eab1393d7fc791fd3840051d993 has an unsupported file extension. Skipping.
2021-10-22 10:27:56,028 : ERROR : cache_files : .git/objects/97/49eb629ef287d1094c71bfb09da3f4ff1ca1aa has an unsupported file extension. Skipping.
2021-10-22 10:27:56,028 : ERROR : cache_files : .git/objects/63/61381cc198c644ebc628dad157334992e2db9d has an unsupported file extension. Skipping.
2021-10-22 10:27:56,028 : ERROR : cache_files : .git/objects/63/4a59317af063e4f0bb76234a8dc2b470eef95c has an unsupported file extension. Skipping.
2021-10-22 10:27:56,029 : ERROR : cache_files : .git/objects/0f/55a73ab7bafa826cce8a658a21a42c806e0bce has an unsupported file extension. Skipping.
2021-10-22 10:27:56,029 : ERROR : cache_files : .git/objects/0a/64ecf510a89e5865c995aa509030cd1833bbe0 has an unsupported file extension. Skipping.
2021-10-22 10:27:56,029 : ERROR : cache_files : .git/objects/0a/031dbac24752f6c6277ad01e6180f738dd45b4 has an unsupported file extension. Skipping.
2021-10-22 10:27:56,029 : ERROR : cache_files : .git/objects/0a/d7d265ca47b75778015220b116cfc695892af2 has an unsupported file extension. Skipping.
2021-10-22 10:27:56,029 : ERROR : cache_files : .git/objects/64/022267a30bc73444400a4311c452c94078fa9a has an unsupported file extension. Skipping.
2021-10-22 10:27:56,029 : ERROR : cache_files : .git/objects/d3/cb33697a75b796db7f2386f91148f72fd5fdf4 has an unsupported file extension. Skipping.
2021-10-22 10:27:56,029 : ERROR : cache_files : .git/objects/d4/bd8576e8b25ec28279081e329c3d176817f0aa has an unsupported file extension. Skipping.
2021-10-22 10:27:56,029 : ERROR : cache_files : .git/objects/ba/fc52ca9703b148da23ac202d259b45a8adc374 has an unsupported file extension. Skipping.
2021-10-22 10:27:56,030 : ERROR : cache_files : .git/objects/a0/a5931c32c215146d624522a2750352580718f9 has an unsupported file extension. Skipping.
2021-10-22 10:27:56,030 : ERROR : cache_files : .git/objects/a0/8c3eb0b087b70cfc34ea4ea99bffbc70cfde28 has an unsupported file extension. Skipping.
2021-10-22 10:27:56,030 : ERROR : cache_files : .git/objects/a7/dbdbed2982cbef4663f389c97d16c57946e7de has an unsupported file extension. Skipping.
2021-10-22 10:27:56,030 : ERROR : cache_files : .git/objects/dd/0f83806d80e05aef50c591e0258d3e6e30e984 has an unsupported file extension. Skipping.
2021-10-22 10:27:56,030 : ERROR : cache_files : .git/objects/dd/27bef05c4d5d971c009789902719bd2c07aad4 has an unsupported file extension. Skipping.
2021-10-22 10:27:56,030 : ERROR : cache_files : .git/objects/b6/6435f5ae6125e7c9d196dea66e6cd661498d12 has an unsupported file extension. Skipping.
2021-10-22 10:27:56,030 : ERROR : cache_files : .git/objects/b6/47ff515d52eaa28c05a245c357d3ad53a536d2 has an unsupported file extension. Skipping.
2021-10-22 10:27:56,031 : ERROR : cache_files : .git/objects/a9/71d0166793e94e4840c26248ffacedfd2117cc has an unsupported file extension. Skipping.
2021-10-22 10:27:56,031 : ERROR : cache_files : .git/objects/a9/a85b845293e1ad6855863980054f2d6ee28149 has an unsupported file extension. Skipping.
2021-10-22 10:27:56,031 : ERROR : cache_files : .git/objects/a9/3895d74ff841837fd0e43bb6dde254c909018c has an unsupported file extension. Skipping.
2021-10-22 10:27:56,031 : ERROR : cache_files : .git/objects/aa/4ba32a74ebc2358e1ce784a66d9885a44bb9bb has an unsupported file extension. Skipping.
2021-10-22 10:27:56,031 : ERROR : cache_files : .git/objects/aa/dbcf31a1d20ce8ac95ee6ffa8ee0ac8c0516e3 has an unsupported file extension. Skipping.
2021-10-22 10:27:56,031 : ERROR : cache_files : .git/objects/af/0f07b7a5e340c6f298b6ed26ceafc272d68673 has an unsupported file extension. Skipping.
2021-10-22 10:27:56,031 : ERROR : cache_files : .git/objects/af/a676151fb7840c7bc34c72b3f15f10a1236901 has an unsupported file extension. Skipping.
2021-10-22 10:27:56,031 : ERROR : cache_files : .git/objects/de/508ff96fd2b9ff7f09329ec4ea3849332f4592 has an unsupported file extension. Skipping.
2021-10-22 10:27:56,032 : ERROR : cache_files : .git/objects/de/7af9c9ffa53f549eddfca613d7c679a7baec95 has an unsupported file extension. Skipping.
2021-10-22 10:27:56,032 : ERROR : cache_files : .git/objects/de/6bb26737db2522982b53ad9b00647bf3fae800 has an unsupported file extension. Skipping.
2021-10-22 10:27:56,032 : ERROR : cache_files : .git/objects/b0/3fa68cc1171749111968506bcec93abe0f37e0 has an unsupported file extension. Skipping.
2021-10-22 10:27:56,032 : ERROR : cache_files : .git/objects/b0/f8493984b91c92c6e7daf1d4e6090eed5e8ee6 has an unsupported file extension. Skipping.
2021-10-22 10:27:56,032 : ERROR : cache_files : .git/objects/c3/f305def26f5d3a5e9d2c6e981ca7bd8108d631 has an unsupported file extension. Skipping.
2021-10-22 10:27:56,032 : ERROR : cache_files : .git/objects/c3/318f2d07a3d3f099ea88c503f2b8d861683b2c has an unsupported file extension. Skipping.
2021-10-22 10:27:56,032 : ERROR : cache_files : .git/objects/c4/9d412e3293a9368917403e2e492b8d65040ce2 has an unsupported file extension. Skipping.
2021-10-22 10:27:56,033 : ERROR : cache_files : .git/objects/ea/cb5e43df14543d1b9e058886cb451f37777b0a has an unsupported file extension. Skipping.
2021-10-22 10:27:56,033 : ERROR : cache_files : .git/objects/ea/d46612897886398f42e729ad4cad3028f928ed has an unsupported file extension. Skipping.
2021-10-22 10:27:56,033 : ERROR : cache_files : .git/objects/ea/201f6997683a19ea51457639cbd51eeb7da940 has an unsupported file extension. Skipping.
2021-10-22 10:27:56,033 : ERROR : cache_files : .git/objects/e1/fe7bec9e00d1d1889ee01b0c4b6102f83a073b has an unsupported file extension. Skipping.
2021-10-22 10:27:56,033 : ERROR : cache_files : .git/objects/cd/247e08e7271ee7495855fb87c2070116681932 has an unsupported file extension. Skipping.
2021-10-22 10:27:56,033 : ERROR : cache_files : .git/objects/cc/09f38fba6301987b4b7a70b7618aa63345ec55 has an unsupported file extension. Skipping.
2021-10-22 10:27:56,033 : ERROR : cache_files : .git/objects/e6/c12cfc70e867807bd22568a70da9194aed0d95 has an unsupported file extension. Skipping.
2021-10-22 10:27:56,033 : ERROR : cache_files : .git/objects/e6/9de29bb2d1d6434b8b29ae775ad8c2e48c5391 has an unsupported file extension. Skipping.
2021-10-22 10:27:56,034 : ERROR : cache_files : .git/objects/f9/50cbcc2ab20d590be302cc5e5ce3905e25b5da has an unsupported file extension. Skipping.
2021-10-22 10:27:56,034 : ERROR : cache_files : .git/objects/f0/96b6d8b6a4c815b516a4cc99897339b4db4058 has an unsupported file extension. Skipping.
2021-10-22 10:27:56,034 : ERROR : cache_files : .git/objects/f0/703bc467ee2f22d6399712fa4fe94b6de231cf has an unsupported file extension. Skipping.
2021-10-22 10:27:56,034 : ERROR : cache_files : .git/objects/f7/a03e32521ad374dfbafc7b6bb91292d3cbdf55 has an unsupported file extension. Skipping.
2021-10-22 10:27:56,034 : ERROR : cache_files : .git/objects/f7/e2a1a272c9cb7c9e31a7090a19d2e2317f41c8 has an unsupported file extension. Skipping.
2021-10-22 10:27:56,034 : ERROR : cache_files : .git/objects/f7/fab8586e1b289547ad2779507faa082d3998a8 has an unsupported file extension. Skipping.
2021-10-22 10:27:56,034 : ERROR : cache_files : .git/objects/f7/b40c85855beca78cb642ad4acaada0d8a68212 has an unsupported file extension. Skipping.
2021-10-22 10:27:56,034 : ERROR : cache_files : .git/objects/fa/cd3357db87d1d987d15748fea167f0904490bb has an unsupported file extension. Skipping.
2021-10-22 10:27:56,034 : ERROR : cache_files : .git/objects/c5/5359b02d5fbeb380ef15d828c879d97f21f123 has an unsupported file extension. Skipping.
2021-10-22 10:27:56,035 : ERROR : cache_files : .git/objects/c5/459a7338ada4ed23df07ab0eb499dc1c49abb9 has an unsupported file extension. Skipping.
2021-10-22 10:27:56,035 : ERROR : cache_files : .git/objects/c2/d508f38cd55bd049d2fcb1b1b9babbc9e451fc has an unsupported file extension. Skipping.
2021-10-22 10:27:56,035 : ERROR : cache_files : .git/objects/c2/e431ba0753243a285a2de94585ff70c7cec184 has an unsupported file extension. Skipping.
2021-10-22 10:27:56,035 : ERROR : cache_files : .git/objects/f6/94472122bc95f50600214090c89a573e1825b2 has an unsupported file extension. Skipping.
2021-10-22 10:27:56,035 : ERROR : cache_files : .git/objects/e9/51952480f442398ea88041692fb7205f8b3f94 has an unsupported file extension. Skipping.
2021-10-22 10:27:56,035 : ERROR : cache_files : .git/objects/e9/654ab453f4f093ea2985450f32990e8f199923 has an unsupported file extension. Skipping.
2021-10-22 10:27:56,035 : ERROR : cache_files : .git/objects/f1/f4d43d41bc6ee04bae0c8fed78c4d63ffb10bf has an unsupported file extension. Skipping.
2021-10-22 10:27:56,035 : ERROR : cache_files : .git/objects/f1/f0bd2cb7091abcc0149c8aae9b55141586caa5 has an unsupported file extension. Skipping.
2021-10-22 10:27:56,035 : ERROR : cache_files : .git/objects/f1/7a5cc8c76ee9468d56bf00b73e99e6ea9f05ad has an unsupported file extension. Skipping.
2021-10-22 10:27:56,036 : ERROR : cache_files : .git/objects/e7/2c160399f8b9a1f2b3f497f205ca2249efbbfa has an unsupported file extension. Skipping.
2021-10-22 10:27:56,036 : ERROR : cache_files : .git/objects/e7/ab1c1116083a07535cb5bceb9dc494b9e25fc6 has an unsupported file extension. Skipping.
2021-10-22 10:27:56,036 : ERROR : cache_files : .git/objects/cb/3064715f116487479f112296e1e4a3d3333e68 has an unsupported file extension. Skipping.
2021-10-22 10:27:56,036 : ERROR : cache_files : .git/objects/cb/6db50073c48e0759ce9f362ec39c24bfe83e6a has an unsupported file extension. Skipping.
2021-10-22 10:27:56,036 : ERROR : cache_files : .git/objects/cb/9e14ab20479b846461ee1b54f16c701fc0c6fe has an unsupported file extension. Skipping.
2021-10-22 10:27:56,036 : ERROR : cache_files : .git/objects/e0/0dd8a65c1c25bc19486f2fee585ca718d99441 has an unsupported file extension. Skipping.
2021-10-22 10:27:56,036 : ERROR : cache_files : .git/objects/46/90cd1207549a6757ca125ca63a5050bcd80fe2 has an unsupported file extension. Skipping.
2021-10-22 10:27:56,036 : ERROR : cache_files : .git/objects/79/538093d80817bc1a23afff33ecb9e454c306b2 has an unsupported file extension. Skipping.
2021-10-22 10:27:56,036 : ERROR : cache_files : .git/objects/79/f3a76f0afe421af1f13c558b3fcb01a254010b has an unsupported file extension. Skipping.
2021-10-22 10:27:56,036 : ERROR : cache_files : .git/objects/2d/d7fdec63959601998e9674f1cfa8a306e3d6a8 has an unsupported file extension. Skipping.
2021-10-22 10:27:56,037 : ERROR : cache_files : .git/objects/2d/66b19535a104fc0bfc5a5e3cba545a83ce49c5 has an unsupported file extension. Skipping.
2021-10-22 10:27:56,037 : ERROR : cache_files : .git/objects/83/9528cca03223e0ffa395073755a7cfb93917be has an unsupported file extension. Skipping.
2021-10-22 10:27:56,037 : ERROR : cache_files : .git/objects/83/e755e487d63c39dfc82fcd6d527ec8154461cd has an unsupported file extension. Skipping.
2021-10-22 10:27:56,037 : ERROR : cache_files : .git/objects/83/feb2240df8ee39ea84ba3a46889a545098aa61 has an unsupported file extension. Skipping.
2021-10-22 10:27:56,037 : ERROR : cache_files : .git/objects/1b/e42d6270cbeca0eb02c17784c9735af8941b1a has an unsupported file extension. Skipping.
2021-10-22 10:27:56,037 : ERROR : cache_files : .git/objects/70/947e2aea804fa14bee23c1d689176e79dc7696 has an unsupported file extension. Skipping.
2021-10-22 10:27:56,037 : ERROR : cache_files : .git/objects/70/a8dfde1f7337d9b8310ac70a4e0bace1b72b17 has an unsupported file extension. Skipping.
2021-10-22 10:27:56,037 : ERROR : cache_files : .git/objects/1e/4471986ab895f97a106e1e58f6ee961d0e87db has an unsupported file extension. Skipping.
2021-10-22 10:27:56,037 : ERROR : cache_files : .git/objects/84/f56612f1a27cb61eff36a7ae198c6a185c30e1 has an unsupported file extension. Skipping.
2021-10-22 10:27:56,038 : ERROR : cache_files : .git/objects/84/51146fe0abdf3eef8a2d0be1e341c44c2cf9a2 has an unsupported file extension. Skipping.
2021-10-22 10:27:56,038 : ERROR : cache_files : .git/objects/84/547a5d77022efb22f0704225c249fed4c863cc has an unsupported file extension. Skipping.
2021-10-22 10:27:56,038 : ERROR : cache_files : .git/objects/24/89545b4a63efce440658faf6b48f5dca12c58a has an unsupported file extension. Skipping.
2021-10-22 10:27:56,038 : ERROR : cache_files : .git/objects/23/74eafb4002b7b61fa481127b05ecc71c5725ba has an unsupported file extension. Skipping.
2021-10-22 10:27:56,038 : ERROR : cache_files : .git/objects/4f/e78e707879f80002d933b98fc020962dd4eb2d has an unsupported file extension. Skipping.
2021-10-22 10:27:56,038 : ERROR : cache_files : .git/objects/4f/4cc45a095611e189c86c536cedae2f24f9de6b has an unsupported file extension. Skipping.
2021-10-22 10:27:56,038 : ERROR : cache_files : .git/objects/4f/5aa88f3b17b6fff43e3cfb9d8db5d4113f3b9f has an unsupported file extension. Skipping.
2021-10-22 10:27:56,038 : ERROR : cache_files : .git/objects/4f/75408b1a8eb8413bd4733666068037bcaff209 has an unsupported file extension. Skipping.
2021-10-22 10:27:56,038 : ERROR : cache_files : .git/objects/8d/ceb9eef1a7d6848f8cddbd3b8715d2cd17f68c has an unsupported file extension. Skipping.
2021-10-22 10:27:56,038 : ERROR : cache_files : .git/objects/15/d8569f6e45a1f1d6e1ec8e572930fd167adef8 has an unsupported file extension. Skipping.
2021-10-22 10:27:56,039 : ERROR : cache_files : .git/objects/15/f0a3dbe1d4f8c9e3d4ee65d959244fe6d9c6c4 has an unsupported file extension. Skipping.
2021-10-22 10:27:56,039 : ERROR : cache_files : .git/objects/8c/2ccd6b3b270edac9785856c350a69da0d88635 has an unsupported file extension. Skipping.
2021-10-22 10:27:56,039 : ERROR : cache_files : .git/objects/85/8f4497af1515e1c5cba67bce6d350e98342790 has an unsupported file extension. Skipping.
2021-10-22 10:27:56,039 : ERROR : cache_files : .git/objects/85/4e11ed21a80b7fbeca009786af9dbcc5aa5e77 has an unsupported file extension. Skipping.
2021-10-22 10:27:56,039 : ERROR : cache_files : .git/objects/85/0022b53df5edd284c5827e6ac3b3b41cb0bed7 has an unsupported file extension. Skipping.
2021-10-22 10:27:56,039 : ERROR : cache_files : .git/objects/1d/96f73080ac9e7b3587138f4bd9f31e78b9a419 has an unsupported file extension. Skipping.
2021-10-22 10:27:56,040 : ERROR : cache_files : .git/objects/1d/81666aa95f16c21b1c4bf21827e9b20866e44d has an unsupported file extension. Skipping.
2021-10-22 10:27:56,040 : ERROR : cache_files : .git/objects/1d/67f6c24d0ff5a081e7cea053161b846ced771e has an unsupported file extension. Skipping.
2021-10-22 10:27:56,040 : ERROR : cache_files : .git/objects/1d/941eed57059432b366a786a1f203901614c473 has an unsupported file extension. Skipping.
2021-10-22 10:27:56,040 : ERROR : cache_files : .git/objects/76/b593d5b329266b0765e4a4f8c2f59bb310e108 has an unsupported file extension. Skipping.
2021-10-22 10:27:56,040 : ERROR : cache_files : .git/objects/49/0a42718b94be774f419dc102a6f5a1b5b01902 has an unsupported file extension. Skipping.
2021-10-22 10:27:56,040 : ERROR : cache_files : .git/objects/2e/26463ed7a10912c8a543907776e53f0c29a033 has an unsupported file extension. Skipping.
2021-10-22 10:27:56,041 : ERROR : cache_files : .git/objects/2b/9d3cd52538a687823b90776cda212701e49cf8 has an unsupported file extension. Skipping.
2021-10-22 10:27:56,041 : ERROR : cache_files : .git/objects/78/630655547e2beb22c1a8255b3e898268ea2c46 has an unsupported file extension. Skipping.
2021-10-22 10:27:56,041 : ERROR : cache_files : .git/objects/78/3b35ed232a8c515e49120e6305b60f5738232f has an unsupported file extension. Skipping.
2021-10-22 10:27:56,041 : ERROR : cache_files : .git/objects/78/9cfd5d3acb81bef1ca7746c5e9962a00ae035f has an unsupported file extension. Skipping.
2021-10-22 10:27:56,041 : ERROR : cache_files : .git/objects/8b/df9432fb46452adc8984851ee76e773a0ec091 has an unsupported file extension. Skipping.
2021-10-22 10:27:56,041 : ERROR : cache_files : .git/objects/8b/381804ae5a7ec9ce9bfd366456449a24ba80f5 has an unsupported file extension. Skipping.
2021-10-22 10:27:56,042 : ERROR : cache_files : .git/objects/13/804eee83235ffa0649f3f3dd4b3d2cf44982c1 has an unsupported file extension. Skipping.
2021-10-22 10:27:56,042 : ERROR : cache_files : .git/objects/13/0bbb2b09560f3f8995590d1a473a059243d363 has an unsupported file extension. Skipping.
2021-10-22 10:27:56,042 : ERROR : cache_files : .git/objects/7f/54206bce904381094bdc59d0c83be952808b18 has an unsupported file extension. Skipping.
2021-10-22 10:27:56,042 : ERROR : cache_files : .git/objects/7a/e11132838cd30b93e8b7f373544c71f742561a has an unsupported file extension. Skipping.
2021-10-22 10:27:56,042 : ERROR : cache_files : .git/objects/7a/750eb41cbdeac465357d6b2c385bf27be12caf has an unsupported file extension. Skipping.
2021-10-22 10:27:56,042 : ERROR : cache_files : .git/objects/7a/909ec8926dbe68867631a253ac21f5b8689af8 has an unsupported file extension. Skipping.
2021-10-22 10:27:56,042 : ERROR : cache_files : .git/objects/14/93931079bf41571cc1cfc8cc7c9aab919d4a77 has an unsupported file extension. Skipping.
2021-10-22 10:27:56,042 : ERROR : cache_files : .git/objects/22/71a97359abb7e673cba5723a01103b53c0f958 has an unsupported file extension. Skipping.
2021-10-22 10:27:56,043 : ERROR : cache_files : .git/info/exclude has an unsupported file extension. Skipping.
2021-10-22 10:27:56,043 : ERROR : cache_files : .git/logs/HEAD has an unsupported file extension. Skipping.
2021-10-22 10:27:56,043 : ERROR : cache_files : .git/logs/refs/heads/main has an unsupported file extension. Skipping.
2021-10-22 10:27:56,044 : ERROR : cache_files : .git/logs/refs/remotes/origin/main has an unsupported file extension. Skipping.
2021-10-22 10:27:56,044 : ERROR : cache_files : .git/hooks/commit-msg.sample has an unsupported file extension. Skipping.
2021-10-22 10:27:56,044 : ERROR : cache_files : .git/hooks/pre-rebase.sample has an unsupported file extension. Skipping.
2021-10-22 10:27:56,044 : ERROR : cache_files : .git/hooks/pre-commit.sample has an unsupported file extension. Skipping.
2021-10-22 10:27:56,044 : ERROR : cache_files : .git/hooks/applypatch-msg.sample has an unsupported file extension. Skipping.
2021-10-22 10:27:56,044 : ERROR : cache_files : .git/hooks/fsmonitor-watchman.sample has an unsupported file extension. Skipping.
2021-10-22 10:27:56,044 : ERROR : cache_files : .git/hooks/pre-receive.sample has an unsupported file extension. Skipping.
2021-10-22 10:27:56,044 : ERROR : cache_files : .git/hooks/prepare-commit-msg.sample has an unsupported file extension. Skipping.
2021-10-22 10:27:56,045 : ERROR : cache_files : .git/hooks/post-update.sample has an unsupported file extension. Skipping.
2021-10-22 10:27:56,045 : ERROR : cache_files : .git/hooks/pre-merge-commit.sample has an unsupported file extension. Skipping.
2021-10-22 10:27:56,045 : ERROR : cache_files : .git/hooks/pre-applypatch.sample has an unsupported file extension. Skipping.
2021-10-22 10:27:56,045 : ERROR : cache_files : .git/hooks/pre-push.sample has an unsupported file extension. Skipping.
2021-10-22 10:27:56,045 : ERROR : cache_files : .git/hooks/update.sample has an unsupported file extension. Skipping.
2021-10-22 10:27:56,045 : ERROR : cache_files : .git/hooks/push-to-checkout.sample has an unsupported file extension. Skipping.
2021-10-22 10:27:56,045 : ERROR : cache_files : .git/refs/heads/main has an unsupported file extension. Skipping.
2021-10-22 10:27:56,045 : ERROR : cache_files : .git/refs/remotes/origin/main has an unsupported file extension. Skipping.
2021-10-22 10:27:56,046 : ERROR : cache_files : .vscode/settings.json has an unsupported file extension. Skipping.
2021-10-22 10:27:56,057 : ERROR : cache_files : assets/.DS_Store has an unsupported file extension. Skipping.
2021-10-22 10:28:03,838 : INFO : iGEM_upload_file : Uploaded T--CUHKSZ--image31.jpeg to https://2021.igem.org/wiki/images/b/bf/T--CUHKSZ--image31.jpeg.
2021-10-22 10:28:08,195 : INFO : iGEM_upload_file : Uploaded T--CUHKSZ--image30.jpg to https://2021.igem.org/wiki/images/2/2f/T--CUHKSZ--image30.jpg.
2021-10-22 10:28:08,301 : INFO : iGEM_URL : css/bootstrap.min.css was changed to https://2021.igem.org/Template:CUHKSZ/css/bootstrap-minCSS?action=raw&ctype=text/css in index.html.
2021-10-22 10:28:08,301 : INFO : iGEM_URL : css/fontawesome.all.css was changed to https://2021.igem.org/Template:CUHKSZ/css/fontawesome-allCSS?action=raw&ctype=text/css in index.html.
2021-10-22 10:28:08,302 : INFO : iGEM_URL : css/main.css was changed to https://2021.igem.org/Template:CUHKSZ/css/mainCSS?action=raw&ctype=text/css in index.html.
2021-10-22 10:28:08,302 : INFO : iGEM_URL : css/igem.fit.css was changed to https://2021.igem.org/Template:CUHKSZ/css/igem-fitCSS?action=raw&ctype=text/css in index.html.
2021-10-22 10:28:08,302 : INFO : iGEM_URL : /js/jquery-3.3.1.slim.min.js was changed to https://2021.igem.org/Template:CUHKSZ/js/jquery-3-3-1-slim-minJS?action=raw&ctype=text/javascript in index.html.
2021-10-22 10:28:08,302 : INFO : iGEM_URL : /js/popper.min.js was changed to https://2021.igem.org/Template:CUHKSZ/js/popper-minJS?action=raw&ctype=text/javascript in index.html.
2021-10-22 10:28:08,303 : INFO : iGEM_URL : /js/bootstrap.min.js was changed to https://2021.igem.org/Template:CUHKSZ/js/bootstrap-minJS?action=raw&ctype=text/javascript in index.html.
2021-10-22 10:28:08,303 : INFO : iGEM_URL : /js/scrollreveal.js was changed to https://2021.igem.org/Template:CUHKSZ/js/scrollrevealJS?action=raw&ctype=text/javascript in index.html.
2021-10-22 10:28:08,304 : INFO : iGEM_URL : /pages/team was changed to https://2021.igem.org/Team:CUHKSZ/pages/team in index.html.
2021-10-22 10:28:08,304 : INFO : iGEM_URL : /pages/team was changed to https://2021.igem.org/Team:CUHKSZ/pages/team in index.html.
2021-10-22 10:28:08,304 : INFO : iGEM_URL : /Attributions was changed to https://2021.igem.org/Team:CUHKSZ/Attributions in index.html.
2021-10-22 10:28:08,304 : INFO : iGEM_URL : /Attributions was changed to https://2021.igem.org/Team:CUHKSZ/Attributions in index.html.
2021-10-22 10:28:08,304 : INFO : iGEM_URL : /Description was changed to https://2021.igem.org/Team:CUHKSZ/Description in index.html.
2021-10-22 10:28:08,305 : INFO : iGEM_URL : /Description was changed to https://2021.igem.org/Team:CUHKSZ/Description in index.html.
2021-10-22 10:28:08,305 : INFO : iGEM_URL : /pages/design was changed to https://2021.igem.org/Team:CUHKSZ/pages/design in index.html.
2021-10-22 10:28:08,305 : INFO : iGEM_URL : /pages/wet-lab was changed to https://2021.igem.org/Team:CUHKSZ/pages/wet-lab in index.html.
2021-10-22 10:28:08,305 : INFO : iGEM_URL : /pages/dry-lab was changed to https://2021.igem.org/Team:CUHKSZ/pages/dry-lab in index.html.
2021-10-22 10:28:08,305 : INFO : iGEM_URL : /pages/material-engineering was changed to https://2021.igem.org/Team:CUHKSZ/pages/material-engineering in index.html.
2021-10-22 10:28:08,305 : INFO : iGEM_URL : /Contribution was changed to https://2021.igem.org/Team:CUHKSZ/Contribution in index.html.
2021-10-22 10:28:08,306 : INFO : iGEM_URL : /pages/safety was changed to https://2021.igem.org/Team:CUHKSZ/pages/safety in index.html.
2021-10-22 10:28:08,306 : INFO : iGEM_URL : /pages/safety was changed to https://2021.igem.org/Team:CUHKSZ/pages/safety in index.html.
2021-10-22 10:28:08,306 : INFO : iGEM_URL : /pages/protocol was changed to https://2021.igem.org/Team:CUHKSZ/pages/protocol in index.html.
2021-10-22 10:28:08,306 : INFO : iGEM_URL : /pages/human-practice was changed to https://2021.igem.org/Team:CUHKSZ/pages/human-practice in index.html.
2021-10-22 10:28:08,306 : INFO : iGEM_URL : /pages/human-practice was changed to https://2021.igem.org/Team:CUHKSZ/pages/human-practice in index.html.
2021-10-22 10:28:08,307 : INFO : iGEM_URL : /pages/human-practice was changed to https://2021.igem.org/Team:CUHKSZ/pages/human-practice in index.html.
2021-10-22 10:28:08,307 : INFO : iGEM_URL : /pages/design was changed to https://2021.igem.org/Team:CUHKSZ/pages/design in index.html.
2021-10-22 10:28:08,311 : INFO : iGEM_URL : /assets/logo.png was changed to https://2021.igem.org/wiki/images/f/f9/T--CUHKSZ--logo.png in index.html.
2021-10-22 10:28:08,312 : INFO : iGEM_URL : /assets/image1.png was changed to https://2021.igem.org/wiki/images/7/7c/T--CUHKSZ--image1.png in index.html.
2021-10-22 10:28:08,312 : INFO : iGEM_URL : /assets/image3.png was changed to https://2021.igem.org/wiki/images/b/b0/T--CUHKSZ--image3.png in index.html.
2021-10-22 10:28:08,312 : INFO : iGEM_URL : /assets/image5.png was changed to https://2021.igem.org/wiki/images/5/5e/T--CUHKSZ--image5.png in index.html.
2021-10-22 10:28:08,312 : INFO : iGEM_URL : /assets/email.png was changed to https://2021.igem.org/wiki/images/c/cd/T--CUHKSZ--email.png in index.html.
2021-10-22 10:28:08,312 : INFO : iGEM_URL : /assets/qrcode.jpeg was changed to https://2021.igem.org/wiki/images/a/a2/T--CUHKSZ--qrcode.jpeg in index.html.
2021-10-22 10:28:08,312 : INFO : iGEM_URL : /assets/university.png was changed to https://2021.igem.org/wiki/images/9/9b/T--CUHKSZ--university.png in index.html.
2021-10-22 10:28:08,313 : INFO : iGEM_URL : /assets/lhs.jpeg was changed to https://2021.igem.org/wiki/images/c/ce/T--CUHKSZ--lhs.jpeg in index.html.
2021-10-22 10:28:08,320 : INFO : iGEM_URL : /assets/poster.png was changed to https://2021.igem.org/wiki/images/6/60/T--CUHKSZ--poster.png in index.html.
2021-10-22 10:28:08,321 : INFO : iGEM_URL : /assets/video.mp4 was changed to https://2021.igem.org/wiki/images/d/de/T--CUHKSZ--video.mp4 in index.html.
2021-10-22 10:28:08,326 : INFO : build_and_upload : Contents of index.html have been uploaded previously. Skipping.
2021-10-22 10:28:08,338 : INFO : iGEM_URL : /css/bootstrap.min.css was changed to https://2021.igem.org/Template:CUHKSZ/css/bootstrap-minCSS?action=raw&ctype=text/css in Human_Practice/index.html.
2021-10-22 10:28:08,338 : INFO : iGEM_URL : /css/fontawesome.all.css was changed to https://2021.igem.org/Template:CUHKSZ/css/fontawesome-allCSS?action=raw&ctype=text/css in Human_Practice/index.html.
2021-10-22 10:28:08,339 : INFO : iGEM_URL : /css/main.css was changed to https://2021.igem.org/Template:CUHKSZ/css/mainCSS?action=raw&ctype=text/css in Human_Practice/index.html.
2021-10-22 10:28:08,339 : INFO : iGEM_URL : /css/igem.fit.css was changed to https://2021.igem.org/Template:CUHKSZ/css/igem-fitCSS?action=raw&ctype=text/css in Human_Practice/index.html.
2021-10-22 10:28:08,339 : INFO : iGEM_URL : ./design.css was changed to https://2021.igem.org/Template:CUHKSZ/Human_Practice/designCSS?action=raw&ctype=text/css in Human_Practice/index.html.
2021-10-22 10:28:08,340 : INFO : iGEM_URL : /js/jquery-3.3.1.slim.min.js was changed to https://2021.igem.org/Template:CUHKSZ/js/jquery-3-3-1-slim-minJS?action=raw&ctype=text/javascript in Human_Practice/index.html.
2021-10-22 10:28:08,340 : INFO : iGEM_URL : /js/popper.min.js was changed to https://2021.igem.org/Template:CUHKSZ/js/popper-minJS?action=raw&ctype=text/javascript in Human_Practice/index.html.
2021-10-22 10:28:08,340 : INFO : iGEM_URL : /js/bootstrap.min.js was changed to https://2021.igem.org/Template:CUHKSZ/js/bootstrap-minJS?action=raw&ctype=text/javascript in Human_Practice/index.html.
2021-10-22 10:28:08,340 : INFO : iGEM_URL : /js/scrollreveal.js was changed to https://2021.igem.org/Template:CUHKSZ/js/scrollrevealJS?action=raw&ctype=text/javascript in Human_Practice/index.html.
2021-10-22 10:28:08,341 : INFO : iGEM_URL : /pages/team was changed to https://2021.igem.org/Team:CUHKSZ/pages/team in Human_Practice/index.html.
2021-10-22 10:28:08,341 : INFO : iGEM_URL : /pages/team was changed to https://2021.igem.org/Team:CUHKSZ/pages/team in Human_Practice/index.html.
2021-10-22 10:28:08,341 : INFO : iGEM_URL : /Attributions was changed to https://2021.igem.org/Team:CUHKSZ/Attributions in Human_Practice/index.html.
2021-10-22 10:28:08,341 : INFO : iGEM_URL : /Attributions was changed to https://2021.igem.org/Team:CUHKSZ/Attributions in Human_Practice/index.html.
2021-10-22 10:28:08,342 : INFO : iGEM_URL : /Description was changed to https://2021.igem.org/Team:CUHKSZ/Description in Human_Practice/index.html.
2021-10-22 10:28:08,342 : INFO : iGEM_URL : /Description was changed to https://2021.igem.org/Team:CUHKSZ/Description in Human_Practice/index.html.
2021-10-22 10:28:08,342 : INFO : iGEM_URL : /pages/design was changed to https://2021.igem.org/Team:CUHKSZ/pages/design in Human_Practice/index.html.
2021-10-22 10:28:08,342 : INFO : iGEM_URL : /pages/wet-lab was changed to https://2021.igem.org/Team:CUHKSZ/pages/wet-lab in Human_Practice/index.html.
2021-10-22 10:28:08,343 : INFO : iGEM_URL : /pages/dry-lab was changed to https://2021.igem.org/Team:CUHKSZ/pages/dry-lab in Human_Practice/index.html.
2021-10-22 10:28:08,343 : INFO : iGEM_URL : /pages/material-engineering was changed to https://2021.igem.org/Team:CUHKSZ/pages/material-engineering in Human_Practice/index.html.
2021-10-22 10:28:08,343 : INFO : iGEM_URL : /Contribution was changed to https://2021.igem.org/Team:CUHKSZ/Contribution in Human_Practice/index.html.
2021-10-22 10:28:08,343 : INFO : iGEM_URL : /pages/safety was changed to https://2021.igem.org/Team:CUHKSZ/pages/safety in Human_Practice/index.html.
2021-10-22 10:28:08,343 : INFO : iGEM_URL : /pages/safety was changed to https://2021.igem.org/Team:CUHKSZ/pages/safety in Human_Practice/index.html.
2021-10-22 10:28:08,344 : INFO : iGEM_URL : /pages/protocol was changed to https://2021.igem.org/Team:CUHKSZ/pages/protocol in Human_Practice/index.html.
2021-10-22 10:28:08,344 : INFO : iGEM_URL : /pages/human-practice was changed to https://2021.igem.org/Team:CUHKSZ/pages/human-practice in Human_Practice/index.html.
2021-10-22 10:28:08,344 : INFO : iGEM_URL : /pages/human-practice was changed to https://2021.igem.org/Team:CUHKSZ/pages/human-practice in Human_Practice/index.html.
2021-10-22 10:28:08,344 : INFO : iGEM_URL : /pages/human-practice was changed to https://2021.igem.org/Team:CUHKSZ/pages/human-practice in Human_Practice/index.html.
2021-10-22 10:28:08,348 : INFO : iGEM_URL : /assets/logo.png was changed to https://2021.igem.org/wiki/images/f/f9/T--CUHKSZ--logo.png in Human_Practice/index.html.
2021-10-22 10:28:08,348 : INFO : iGEM_URL : /assets//image27.png was changed to https://2021.igem.org/wiki/images/8/86/T--CUHKSZ--image27.png in Human_Practice/index.html.
2021-10-22 10:28:08,348 : INFO : iGEM_URL : /assets/image30.jpg was changed to https://2021.igem.org/wiki/images/2/2f/T--CUHKSZ--image30.jpg in Human_Practice/index.html.
2021-10-22 10:28:08,348 : WARNING : iGEM_URL : assets/image31.jpg is referenced in Human_Practice/index.html but was not found.
2021-10-22 10:28:08,349 : WARNING : iGEM_URL : /assets/image31.jpg is referenced in Human_Practice/index.html but was not found.
2021-10-22 10:28:08,349 : INFO : iGEM_URL : /assets/email.png was changed to https://2021.igem.org/wiki/images/c/cd/T--CUHKSZ--email.png in Human_Practice/index.html.
2021-10-22 10:28:08,349 : INFO : iGEM_URL : /assets/qrcode.jpeg was changed to https://2021.igem.org/wiki/images/a/a2/T--CUHKSZ--qrcode.jpeg in Human_Practice/index.html.
2021-10-22 10:28:08,349 : INFO : iGEM_URL : /assets/university.png was changed to https://2021.igem.org/wiki/images/9/9b/T--CUHKSZ--university.png in Human_Practice/index.html.
2021-10-22 10:28:08,349 : INFO : iGEM_URL : /assets/lhs.jpeg was changed to https://2021.igem.org/wiki/images/c/ce/T--CUHKSZ--lhs.jpeg in Human_Practice/index.html.
2021-10-22 10:29:23,058 : DEBUG : iGEM_upload_page : Couldn't upload to https://2021.igem.org/wiki/index.php?title=Team:CUHKSZ/Human_Practice&action=edit.
Traceback (most recent call last):
  File "/Library/Frameworks/Python.framework/Versions/3.8/lib/python3.8/site-packages/urllib3/connectionpool.py", line 670, in urlopen
    httplib_response = self._make_request(
  File "/Library/Frameworks/Python.framework/Versions/3.8/lib/python3.8/site-packages/urllib3/connectionpool.py", line 381, in _make_request
    self._validate_conn(conn)
  File "/Library/Frameworks/Python.framework/Versions/3.8/lib/python3.8/site-packages/urllib3/connectionpool.py", line 978, in _validate_conn
    conn.connect()
  File "/Library/Frameworks/Python.framework/Versions/3.8/lib/python3.8/site-packages/urllib3/connection.py", line 362, in connect
    self.sock = ssl_wrap_socket(
  File "/Library/Frameworks/Python.framework/Versions/3.8/lib/python3.8/site-packages/urllib3/util/ssl_.py", line 386, in ssl_wrap_socket
    return context.wrap_socket(sock, server_hostname=server_hostname)
  File "/Library/Frameworks/Python.framework/Versions/3.8/lib/python3.8/ssl.py", line 500, in wrap_socket
    return self.sslsocket_class._create(
  File "/Library/Frameworks/Python.framework/Versions/3.8/lib/python3.8/ssl.py", line 1040, in _create
    self.do_handshake()
  File "/Library/Frameworks/Python.framework/Versions/3.8/lib/python3.8/ssl.py", line 1309, in do_handshake
    self._sslobj.do_handshake()
ConnectionResetError: [Errno 54] Connection reset by peer

During handling of the above exception, another exception occurred:

Traceback (most recent call last):
  File "/Library/Frameworks/Python.framework/Versions/3.8/lib/python3.8/site-packages/requests/adapters.py", line 439, in send
    resp = conn.urlopen(
  File "/Library/Frameworks/Python.framework/Versions/3.8/lib/python3.8/site-packages/urllib3/connectionpool.py", line 726, in urlopen
    retries = retries.increment(
  File "/Library/Frameworks/Python.framework/Versions/3.8/lib/python3.8/site-packages/urllib3/util/retry.py", line 410, in increment
    raise six.reraise(type(error), error, _stacktrace)
  File "/Library/Frameworks/Python.framework/Versions/3.8/lib/python3.8/site-packages/urllib3/packages/six.py", line 734, in reraise
    raise value.with_traceback(tb)
  File "/Library/Frameworks/Python.framework/Versions/3.8/lib/python3.8/site-packages/urllib3/connectionpool.py", line 670, in urlopen
    httplib_response = self._make_request(
  File "/Library/Frameworks/Python.framework/Versions/3.8/lib/python3.8/site-packages/urllib3/connectionpool.py", line 381, in _make_request
    self._validate_conn(conn)
  File "/Library/Frameworks/Python.framework/Versions/3.8/lib/python3.8/site-packages/urllib3/connectionpool.py", line 978, in _validate_conn
    conn.connect()
  File "/Library/Frameworks/Python.framework/Versions/3.8/lib/python3.8/site-packages/urllib3/connection.py", line 362, in connect
    self.sock = ssl_wrap_socket(
  File "/Library/Frameworks/Python.framework/Versions/3.8/lib/python3.8/site-packages/urllib3/util/ssl_.py", line 386, in ssl_wrap_socket
    return context.wrap_socket(sock, server_hostname=server_hostname)
  File "/Library/Frameworks/Python.framework/Versions/3.8/lib/python3.8/ssl.py", line 500, in wrap_socket
    return self.sslsocket_class._create(
  File "/Library/Frameworks/Python.framework/Versions/3.8/lib/python3.8/ssl.py", line 1040, in _create
    self.do_handshake()
  File "/Library/Frameworks/Python.framework/Versions/3.8/lib/python3.8/ssl.py", line 1309, in do_handshake
    self._sslobj.do_handshake()
urllib3.exceptions.ProtocolError: ('Connection aborted.', ConnectionResetError(54, 'Connection reset by peer'))

During handling of the above exception, another exception occurred:

Traceback (most recent call last):
  File "/Library/Frameworks/Python.framework/Versions/3.8/lib/python3.8/site-packages/igem_wikisync/browser.py", line 164, in iGEM_upload_page
    browser.submit_selected()
  File "/Library/Frameworks/Python.framework/Versions/3.8/lib/python3.8/site-packages/mechanicalsoup/stateful_browser.py", line 254, in submit_selected
    resp = self.submit(self.__state.form, url=self.__state.url,
  File "/Library/Frameworks/Python.framework/Versions/3.8/lib/python3.8/site-packages/mechanicalsoup/browser.py", line 319, in submit
    response = self._request(form, url, **kwargs)
  File "/Library/Frameworks/Python.framework/Versions/3.8/lib/python3.8/site-packages/mechanicalsoup/browser.py", line 296, in _request
    return self.session.request(**request_kwargs)
  File "/Library/Frameworks/Python.framework/Versions/3.8/lib/python3.8/site-packages/requests/sessions.py", line 530, in request
    resp = self.send(prep, **send_kwargs)
  File "/Library/Frameworks/Python.framework/Versions/3.8/lib/python3.8/site-packages/requests/sessions.py", line 643, in send
    r = adapter.send(request, **kwargs)
  File "/Library/Frameworks/Python.framework/Versions/3.8/lib/python3.8/site-packages/requests/adapters.py", line 498, in send
    raise ConnectionError(err, request=request)
requests.exceptions.ConnectionError: ('Connection aborted.', ConnectionResetError(54, 'Connection reset by peer'))
2021-10-22 10:29:23,067 : ERROR : iGEM_upload_page : Couldn't upload to https://2021.igem.org/wiki/index.php?title=Team:CUHKSZ/Human_Practice&action=edit.
2021-10-22 10:29:23,067 : ERROR : build_and_upload : Could not upload Human_Practice/index.html. Skipping.
2021-10-22 10:29:23,079 : INFO : iGEM_URL : /css/bootstrap.min.css was changed to https://2021.igem.org/Template:CUHKSZ/css/bootstrap-minCSS?action=raw&ctype=text/css in Collaboration/index.html.
2021-10-22 10:29:23,080 : INFO : iGEM_URL : /css/fontawesome.all.css was changed to https://2021.igem.org/Template:CUHKSZ/css/fontawesome-allCSS?action=raw&ctype=text/css in Collaboration/index.html.
2021-10-22 10:29:23,080 : INFO : iGEM_URL : /css/main.css was changed to https://2021.igem.org/Template:CUHKSZ/css/mainCSS?action=raw&ctype=text/css in Collaboration/index.html.
2021-10-22 10:29:23,080 : INFO : iGEM_URL : /css/igem.fit.css was changed to https://2021.igem.org/Template:CUHKSZ/css/igem-fitCSS?action=raw&ctype=text/css in Collaboration/index.html.
2021-10-22 10:29:23,080 : INFO : iGEM_URL : ./design.css was changed to https://2021.igem.org/Template:CUHKSZ/Collaboration/designCSS?action=raw&ctype=text/css in Collaboration/index.html.
2021-10-22 10:29:23,081 : INFO : iGEM_URL : /js/jquery-3.3.1.slim.min.js was changed to https://2021.igem.org/Template:CUHKSZ/js/jquery-3-3-1-slim-minJS?action=raw&ctype=text/javascript in Collaboration/index.html.
2021-10-22 10:29:23,081 : INFO : iGEM_URL : /js/popper.min.js was changed to https://2021.igem.org/Template:CUHKSZ/js/popper-minJS?action=raw&ctype=text/javascript in Collaboration/index.html.
2021-10-22 10:29:23,081 : INFO : iGEM_URL : /js/bootstrap.min.js was changed to https://2021.igem.org/Template:CUHKSZ/js/bootstrap-minJS?action=raw&ctype=text/javascript in Collaboration/index.html.
2021-10-22 10:29:23,081 : INFO : iGEM_URL : /js/scrollreveal.js was changed to https://2021.igem.org/Template:CUHKSZ/js/scrollrevealJS?action=raw&ctype=text/javascript in Collaboration/index.html.
2021-10-22 10:29:23,082 : INFO : iGEM_URL : /pages/team was changed to https://2021.igem.org/Team:CUHKSZ/pages/team in Collaboration/index.html.
2021-10-22 10:29:23,082 : INFO : iGEM_URL : /pages/team was changed to https://2021.igem.org/Team:CUHKSZ/pages/team in Collaboration/index.html.
2021-10-22 10:29:23,082 : INFO : iGEM_URL : /Attributions was changed to https://2021.igem.org/Team:CUHKSZ/Attributions in Collaboration/index.html.
2021-10-22 10:29:23,083 : INFO : iGEM_URL : /Attributions was changed to https://2021.igem.org/Team:CUHKSZ/Attributions in Collaboration/index.html.
2021-10-22 10:29:23,083 : INFO : iGEM_URL : /Description was changed to https://2021.igem.org/Team:CUHKSZ/Description in Collaboration/index.html.
2021-10-22 10:29:23,083 : INFO : iGEM_URL : /Description was changed to https://2021.igem.org/Team:CUHKSZ/Description in Collaboration/index.html.
2021-10-22 10:29:23,083 : INFO : iGEM_URL : /pages/design was changed to https://2021.igem.org/Team:CUHKSZ/pages/design in Collaboration/index.html.
2021-10-22 10:29:23,084 : INFO : iGEM_URL : /pages/wet-lab was changed to https://2021.igem.org/Team:CUHKSZ/pages/wet-lab in Collaboration/index.html.
2021-10-22 10:29:23,084 : INFO : iGEM_URL : /pages/dry-lab was changed to https://2021.igem.org/Team:CUHKSZ/pages/dry-lab in Collaboration/index.html.
2021-10-22 10:29:23,084 : INFO : iGEM_URL : /pages/material-engineering was changed to https://2021.igem.org/Team:CUHKSZ/pages/material-engineering in Collaboration/index.html.
2021-10-22 10:29:23,084 : INFO : iGEM_URL : /Contribution was changed to https://2021.igem.org/Team:CUHKSZ/Contribution in Collaboration/index.html.
2021-10-22 10:29:23,084 : INFO : iGEM_URL : /pages/safety was changed to https://2021.igem.org/Team:CUHKSZ/pages/safety in Collaboration/index.html.
2021-10-22 10:29:23,085 : INFO : iGEM_URL : /pages/safety was changed to https://2021.igem.org/Team:CUHKSZ/pages/safety in Collaboration/index.html.
2021-10-22 10:29:23,085 : INFO : iGEM_URL : /pages/protocol was changed to https://2021.igem.org/Team:CUHKSZ/pages/protocol in Collaboration/index.html.
2021-10-22 10:29:23,085 : INFO : iGEM_URL : /pages/human-practice was changed to https://2021.igem.org/Team:CUHKSZ/pages/human-practice in Collaboration/index.html.
2021-10-22 10:29:23,085 : INFO : iGEM_URL : /pages/human-practice was changed to https://2021.igem.org/Team:CUHKSZ/pages/human-practice in Collaboration/index.html.
2021-10-22 10:29:23,085 : INFO : iGEM_URL : /pages/human-practice was changed to https://2021.igem.org/Team:CUHKSZ/pages/human-practice in Collaboration/index.html.
2021-10-22 10:29:23,088 : INFO : iGEM_URL : /assets/logo.png was changed to https://2021.igem.org/wiki/images/f/f9/T--CUHKSZ--logo.png in Collaboration/index.html.
2021-10-22 10:29:23,089 : INFO : iGEM_URL : /assets//image27.png was changed to https://2021.igem.org/wiki/images/8/86/T--CUHKSZ--image27.png in Collaboration/index.html.
2021-10-22 10:29:23,089 : INFO : iGEM_URL : /assets/image30.jpg was changed to https://2021.igem.org/wiki/images/2/2f/T--CUHKSZ--image30.jpg in Collaboration/index.html.
2021-10-22 10:29:23,089 : WARNING : iGEM_URL : assets/image31.jpg is referenced in Collaboration/index.html but was not found.
2021-10-22 10:29:23,089 : WARNING : iGEM_URL : /assets/image31.jpg is referenced in Collaboration/index.html but was not found.
2021-10-22 10:29:23,089 : INFO : iGEM_URL : /assets/email.png was changed to https://2021.igem.org/wiki/images/c/cd/T--CUHKSZ--email.png in Collaboration/index.html.
2021-10-22 10:29:23,090 : INFO : iGEM_URL : /assets/qrcode.jpeg was changed to https://2021.igem.org/wiki/images/a/a2/T--CUHKSZ--qrcode.jpeg in Collaboration/index.html.
2021-10-22 10:29:23,090 : INFO : iGEM_URL : /assets/university.png was changed to https://2021.igem.org/wiki/images/9/9b/T--CUHKSZ--university.png in Collaboration/index.html.
2021-10-22 10:29:23,090 : INFO : iGEM_URL : /assets/lhs.jpeg was changed to https://2021.igem.org/wiki/images/c/ce/T--CUHKSZ--lhs.jpeg in Collaboration/index.html.
2021-10-22 10:29:44,989 : DEBUG : iGEM_upload_page : Lost connection to iGEM. Please check your internet connection.
Traceback (most recent call last):
  File "/Library/Frameworks/Python.framework/Versions/3.8/lib/python3.8/site-packages/urllib3/connection.py", line 159, in _new_conn
    conn = connection.create_connection(
  File "/Library/Frameworks/Python.framework/Versions/3.8/lib/python3.8/site-packages/urllib3/util/connection.py", line 84, in create_connection
    raise err
  File "/Library/Frameworks/Python.framework/Versions/3.8/lib/python3.8/site-packages/urllib3/util/connection.py", line 74, in create_connection
    sock.connect(sa)
TimeoutError: [Errno 60] Operation timed out

During handling of the above exception, another exception occurred:

Traceback (most recent call last):
  File "/Library/Frameworks/Python.framework/Versions/3.8/lib/python3.8/site-packages/urllib3/connectionpool.py", line 670, in urlopen
    httplib_response = self._make_request(
  File "/Library/Frameworks/Python.framework/Versions/3.8/lib/python3.8/site-packages/urllib3/connectionpool.py", line 381, in _make_request
    self._validate_conn(conn)
  File "/Library/Frameworks/Python.framework/Versions/3.8/lib/python3.8/site-packages/urllib3/connectionpool.py", line 978, in _validate_conn
    conn.connect()
  File "/Library/Frameworks/Python.framework/Versions/3.8/lib/python3.8/site-packages/urllib3/connection.py", line 309, in connect
    conn = self._new_conn()
  File "/Library/Frameworks/Python.framework/Versions/3.8/lib/python3.8/site-packages/urllib3/connection.py", line 171, in _new_conn
    raise NewConnectionError(
urllib3.exceptions.NewConnectionError: <urllib3.connection.HTTPSConnection object at 0x7ff75817c940>: Failed to establish a new connection: [Errno 60] Operation timed out

During handling of the above exception, another exception occurred:

Traceback (most recent call last):
  File "/Library/Frameworks/Python.framework/Versions/3.8/lib/python3.8/site-packages/requests/adapters.py", line 439, in send
    resp = conn.urlopen(
  File "/Library/Frameworks/Python.framework/Versions/3.8/lib/python3.8/site-packages/urllib3/connectionpool.py", line 726, in urlopen
    retries = retries.increment(
  File "/Library/Frameworks/Python.framework/Versions/3.8/lib/python3.8/site-packages/urllib3/util/retry.py", line 446, in increment
    raise MaxRetryError(_pool, url, error or ResponseError(cause))
urllib3.exceptions.MaxRetryError: HTTPSConnectionPool(host='2021.igem.org', port=443): Max retries exceeded with url: /wiki/index.php?title=Team:CUHKSZ/Collaboration&action=edit (Caused by NewConnectionError('<urllib3.connection.HTTPSConnection object at 0x7ff75817c940>: Failed to establish a new connection: [Errno 60] Operation timed out'))

During handling of the above exception, another exception occurred:

Traceback (most recent call last):
  File "/Library/Frameworks/Python.framework/Versions/3.8/lib/python3.8/site-packages/igem_wikisync/browser.py", line 144, in iGEM_upload_page
    browser.open(url)  # TODO: Check this
  File "/Library/Frameworks/Python.framework/Versions/3.8/lib/python3.8/site-packages/mechanicalsoup/stateful_browser.py", line 148, in open
    resp = self.get(url, *args, **kwargs)
  File "/Library/Frameworks/Python.framework/Versions/3.8/lib/python3.8/site-packages/mechanicalsoup/browser.py", line 147, in get
    response = self.session.get(*args, **kwargs)
  File "/Library/Frameworks/Python.framework/Versions/3.8/lib/python3.8/site-packages/requests/sessions.py", line 543, in get
    return self.request('GET', url, **kwargs)
  File "/Library/Frameworks/Python.framework/Versions/3.8/lib/python3.8/site-packages/requests/sessions.py", line 530, in request
    resp = self.send(prep, **send_kwargs)
  File "/Library/Frameworks/Python.framework/Versions/3.8/lib/python3.8/site-packages/requests/sessions.py", line 643, in send
    r = adapter.send(request, **kwargs)
  File "/Library/Frameworks/Python.framework/Versions/3.8/lib/python3.8/site-packages/requests/adapters.py", line 516, in send
    raise ConnectionError(e, request=request)
requests.exceptions.ConnectionError: HTTPSConnectionPool(host='2021.igem.org', port=443): Max retries exceeded with url: /wiki/index.php?title=Team:CUHKSZ/Collaboration&action=edit (Caused by NewConnectionError('<urllib3.connection.HTTPSConnection object at 0x7ff75817c940>: Failed to establish a new connection: [Errno 60] Operation timed out'))
2021-10-22 10:29:44,991 : ERROR : iGEM_upload_page : Lost connection to iGEM. Please check your internet connection.
2021-10-22 10:29:44,991 : ERROR : build_and_upload : Could not upload Collaboration/index.html. Skipping.
2021-10-22 10:29:45,002 : INFO : iGEM_URL : /css/bootstrap.min.css was changed to https://2021.igem.org/Template:CUHKSZ/css/bootstrap-minCSS?action=raw&ctype=text/css in Description/index.html.
2021-10-22 10:29:45,002 : INFO : iGEM_URL : /css/fontawesome.all.css was changed to https://2021.igem.org/Template:CUHKSZ/css/fontawesome-allCSS?action=raw&ctype=text/css in Description/index.html.
2021-10-22 10:29:45,002 : INFO : iGEM_URL : /css/main.css was changed to https://2021.igem.org/Template:CUHKSZ/css/mainCSS?action=raw&ctype=text/css in Description/index.html.
2021-10-22 10:29:45,002 : INFO : iGEM_URL : /css/igem.fit.css was changed to https://2021.igem.org/Template:CUHKSZ/css/igem-fitCSS?action=raw&ctype=text/css in Description/index.html.
2021-10-22 10:29:45,003 : INFO : iGEM_URL : ./design.css was changed to https://2021.igem.org/Template:CUHKSZ/Description/designCSS?action=raw&ctype=text/css in Description/index.html.
2021-10-22 10:29:45,003 : INFO : iGEM_URL : /js/jquery-3.3.1.slim.min.js was changed to https://2021.igem.org/Template:CUHKSZ/js/jquery-3-3-1-slim-minJS?action=raw&ctype=text/javascript in Description/index.html.
2021-10-22 10:29:45,003 : INFO : iGEM_URL : /js/popper.min.js was changed to https://2021.igem.org/Template:CUHKSZ/js/popper-minJS?action=raw&ctype=text/javascript in Description/index.html.
2021-10-22 10:29:45,004 : INFO : iGEM_URL : /js/bootstrap.min.js was changed to https://2021.igem.org/Template:CUHKSZ/js/bootstrap-minJS?action=raw&ctype=text/javascript in Description/index.html.
2021-10-22 10:29:45,004 : INFO : iGEM_URL : /js/scrollreveal.js was changed to https://2021.igem.org/Template:CUHKSZ/js/scrollrevealJS?action=raw&ctype=text/javascript in Description/index.html.
2021-10-22 10:29:45,005 : INFO : iGEM_URL : /pages/team was changed to https://2021.igem.org/Team:CUHKSZ/pages/team in Description/index.html.
2021-10-22 10:29:45,005 : INFO : iGEM_URL : /pages/team was changed to https://2021.igem.org/Team:CUHKSZ/pages/team in Description/index.html.
2021-10-22 10:29:45,005 : INFO : iGEM_URL : /Attributions was changed to https://2021.igem.org/Team:CUHKSZ/Attributions in Description/index.html.
2021-10-22 10:29:45,005 : INFO : iGEM_URL : /Attributions was changed to https://2021.igem.org/Team:CUHKSZ/Attributions in Description/index.html.
2021-10-22 10:29:45,005 : INFO : iGEM_URL : /Description was changed to https://2021.igem.org/Team:CUHKSZ/Description in Description/index.html.
2021-10-22 10:29:45,006 : INFO : iGEM_URL : /Description was changed to https://2021.igem.org/Team:CUHKSZ/Description in Description/index.html.
2021-10-22 10:29:45,006 : INFO : iGEM_URL : /pages/design was changed to https://2021.igem.org/Team:CUHKSZ/pages/design in Description/index.html.
2021-10-22 10:29:45,006 : INFO : iGEM_URL : /pages/wet-lab was changed to https://2021.igem.org/Team:CUHKSZ/pages/wet-lab in Description/index.html.
2021-10-22 10:29:45,006 : INFO : iGEM_URL : /pages/dry-lab was changed to https://2021.igem.org/Team:CUHKSZ/pages/dry-lab in Description/index.html.
2021-10-22 10:29:45,007 : INFO : iGEM_URL : /pages/material-engineering was changed to https://2021.igem.org/Team:CUHKSZ/pages/material-engineering in Description/index.html.
2021-10-22 10:29:45,007 : INFO : iGEM_URL : /Contribution was changed to https://2021.igem.org/Team:CUHKSZ/Contribution in Description/index.html.
2021-10-22 10:29:45,007 : INFO : iGEM_URL : /pages/safety was changed to https://2021.igem.org/Team:CUHKSZ/pages/safety in Description/index.html.
2021-10-22 10:29:45,007 : INFO : iGEM_URL : /pages/safety was changed to https://2021.igem.org/Team:CUHKSZ/pages/safety in Description/index.html.
2021-10-22 10:29:45,008 : INFO : iGEM_URL : /pages/protocol was changed to https://2021.igem.org/Team:CUHKSZ/pages/protocol in Description/index.html.
2021-10-22 10:29:45,008 : INFO : iGEM_URL : /pages/human-practice was changed to https://2021.igem.org/Team:CUHKSZ/pages/human-practice in Description/index.html.
2021-10-22 10:29:45,008 : INFO : iGEM_URL : /pages/human-practice was changed to https://2021.igem.org/Team:CUHKSZ/pages/human-practice in Description/index.html.
2021-10-22 10:29:45,008 : INFO : iGEM_URL : /pages/human-practice was changed to https://2021.igem.org/Team:CUHKSZ/pages/human-practice in Description/index.html.
2021-10-22 10:29:45,011 : INFO : iGEM_URL : /assets/logo.png was changed to https://2021.igem.org/wiki/images/f/f9/T--CUHKSZ--logo.png in Description/index.html.
2021-10-22 10:29:45,012 : INFO : iGEM_URL : /assets/email.png was changed to https://2021.igem.org/wiki/images/c/cd/T--CUHKSZ--email.png in Description/index.html.
2021-10-22 10:29:45,012 : INFO : iGEM_URL : /assets/qrcode.jpeg was changed to https://2021.igem.org/wiki/images/a/a2/T--CUHKSZ--qrcode.jpeg in Description/index.html.
2021-10-22 10:29:45,012 : INFO : iGEM_URL : /assets/university.png was changed to https://2021.igem.org/wiki/images/9/9b/T--CUHKSZ--university.png in Description/index.html.
2021-10-22 10:29:45,012 : INFO : iGEM_URL : /assets/lhs.jpeg was changed to https://2021.igem.org/wiki/images/c/ce/T--CUHKSZ--lhs.jpeg in Description/index.html.
2021-10-22 10:29:45,018 : INFO : build_and_upload : Contents of Description/index.html have been uploaded previously. Skipping.
2021-10-22 10:29:45,051 : INFO : build_and_upload : Contents of .wikisync_temp/index.html have been uploaded previously. Skipping.
2021-10-22 10:29:45,068 : INFO : build_and_upload : Contents of .wikisync_temp/Description/index.html have been uploaded previously. Skipping.
2021-10-22 10:29:45,096 : INFO : build_and_upload : Contents of .wikisync_temp/.wikisync_temp/index.html have been uploaded previously. Skipping.
2021-10-22 10:29:45,113 : INFO : build_and_upload : Contents of .wikisync_temp/.wikisync_temp/Description/index.html have been uploaded previously. Skipping.
2021-10-22 10:29:45,142 : INFO : build_and_upload : Contents of .wikisync_temp/.wikisync_temp/.wikisync_temp/index.html have been uploaded previously. Skipping.
